Linked: (/home/nao_a/hrs_ws/devel/.private/tutorial_7/lib/python2.7/dist-packages/tutorial_7/__init__.py, /home/nao_a/hrs_ws/devel/lib/python2.7/dist-packages/tutorial_7/__init__.py)
Linked: (/home/nao_a/hrs_ws/devel/.private/tutorial_7/lib/python2.7/dist-packages/tutorial_7/msg/_BlinkActionFeedback.py, /home/nao_a/hrs_ws/devel/lib/python2.7/dist-packages/tutorial_7/msg/_BlinkActionFeedback.py)
Linked: (/home/nao_a/hrs_ws/devel/.private/tutorial_7/lib/python2.7/dist-packages/tutorial_7/msg/_BlinkGoal.py, /home/nao_a/hrs_ws/devel/lib/python2.7/dist-packages/tutorial_7/msg/_BlinkGoal.py)
Linked: (/home/nao_a/hrs_ws/devel/.private/tutorial_7/lib/python2.7/dist-packages/tutorial_7/msg/_BlinkFeedback.py, /home/nao_a/hrs_ws/devel/lib/python2.7/dist-packages/tutorial_7/msg/_BlinkFeedback.py)
Linked: (/home/nao_a/hrs_ws/devel/.private/tutorial_7/lib/python2.7/dist-packages/tutorial_7/msg/_BlinkAction.py, /home/nao_a/hrs_ws/devel/lib/python2.7/dist-packages/tutorial_7/msg/_BlinkAction.py)
Linked: (/home/nao_a/hrs_ws/devel/.private/tutorial_7/lib/python2.7/dist-packages/tutorial_7/msg/__init__.py, /home/nao_a/hrs_ws/devel/lib/python2.7/dist-packages/tutorial_7/msg/__init__.py)
Linked: (/home/nao_a/hrs_ws/devel/.private/tutorial_7/lib/python2.7/dist-packages/tutorial_7/msg/_BlinkResult.py, /home/nao_a/hrs_ws/devel/lib/python2.7/dist-packages/tutorial_7/msg/_BlinkResult.py)
Linked: (/home/nao_a/hrs_ws/devel/.private/tutorial_7/lib/python2.7/dist-packages/tutorial_7/msg/_BlinkActionGoal.py, /home/nao_a/hrs_ws/devel/lib/python2.7/dist-packages/tutorial_7/msg/_BlinkActionGoal.py)
Linked: (/home/nao_a/hrs_ws/devel/.private/tutorial_7/lib/python2.7/dist-packages/tutorial_7/msg/_BlinkActionResult.py, /home/nao_a/hrs_ws/devel/lib/python2.7/dist-packages/tutorial_7/msg/_BlinkActionResult.py)
Linked: (/home/nao_a/hrs_ws/devel/.private/tutorial_7/lib/pkgconfig/tutorial_7.pc, /home/nao_a/hrs_ws/devel/lib/pkgconfig/tutorial_7.pc)
Linked: (/home/nao_a/hrs_ws/devel/.private/tutorial_7/lib/tutorial_7/nao_3, /home/nao_a/hrs_ws/devel/lib/tutorial_7/nao_3)
Linked: (/home/nao_a/hrs_ws/devel/.private/tutorial_7/lib/tutorial_7/tutorial_7, /home/nao_a/hrs_ws/devel/lib/tutorial_7/tutorial_7)
Linked: (/home/nao_a/hrs_ws/devel/.private/tutorial_7/include/tutorial_7/BlinkActionResult.h, /home/nao_a/hrs_ws/devel/include/tutorial_7/BlinkActionResult.h)
Linked: (/home/nao_a/hrs_ws/devel/.private/tutorial_7/include/tutorial_7/BlinkActionFeedback.h, /home/nao_a/hrs_ws/devel/include/tutorial_7/BlinkActionFeedback.h)
Linked: (/home/nao_a/hrs_ws/devel/.private/tutorial_7/include/tutorial_7/BlinkFeedback.h, /home/nao_a/hrs_ws/devel/include/tutorial_7/BlinkFeedback.h)
Linked: (/home/nao_a/hrs_ws/devel/.private/tutorial_7/include/tutorial_7/BlinkActionGoal.h, /home/nao_a/hrs_ws/devel/include/tutorial_7/BlinkActionGoal.h)
Linked: (/home/nao_a/hrs_ws/devel/.private/tutorial_7/include/tutorial_7/BlinkGoal.h, /home/nao_a/hrs_ws/devel/include/tutorial_7/BlinkGoal.h)
Linked: (/home/nao_a/hrs_ws/devel/.private/tutorial_7/include/tutorial_7/BlinkAction.h, /home/nao_a/hrs_ws/devel/include/tutorial_7/BlinkAction.h)
Linked: (/home/nao_a/hrs_ws/devel/.private/tutorial_7/include/tutorial_7/BlinkResult.h, /home/nao_a/hrs_ws/devel/include/tutorial_7/BlinkResult.h)
Linked: (/home/nao_a/hrs_ws/devel/.private/tutorial_7/share/roseus/ros/tutorial_7/manifest.l, /home/nao_a/hrs_ws/devel/share/roseus/ros/tutorial_7/manifest.l)
Linked: (/home/nao_a/hrs_ws/devel/.private/tutorial_7/share/roseus/ros/tutorial_7/msg/BlinkActionGoal.l, /home/nao_a/hrs_ws/devel/share/roseus/ros/tutorial_7/msg/BlinkActionGoal.l)
Linked: (/home/nao_a/hrs_ws/devel/.private/tutorial_7/share/roseus/ros/tutorial_7/msg/BlinkActionFeedback.l, /home/nao_a/hrs_ws/devel/share/roseus/ros/tutorial_7/msg/BlinkActionFeedback.l)
Linked: (/home/nao_a/hrs_ws/devel/.private/tutorial_7/share/roseus/ros/tutorial_7/msg/BlinkGoal.l, /home/nao_a/hrs_ws/devel/share/roseus/ros/tutorial_7/msg/BlinkGoal.l)
Linked: (/home/nao_a/hrs_ws/devel/.private/tutorial_7/share/roseus/ros/tutorial_7/msg/BlinkActionResult.l, /home/nao_a/hrs_ws/devel/share/roseus/ros/tutorial_7/msg/BlinkActionResult.l)
Linked: (/home/nao_a/hrs_ws/devel/.private/tutorial_7/share/roseus/ros/tutorial_7/msg/BlinkAction.l, /home/nao_a/hrs_ws/devel/share/roseus/ros/tutorial_7/msg/BlinkAction.l)
Linked: (/home/nao_a/hrs_ws/devel/.private/tutorial_7/share/roseus/ros/tutorial_7/msg/BlinkResult.l, /home/nao_a/hrs_ws/devel/share/roseus/ros/tutorial_7/msg/BlinkResult.l)
Linked: (/home/nao_a/hrs_ws/devel/.private/tutorial_7/share/roseus/ros/tutorial_7/msg/BlinkFeedback.l, /home/nao_a/hrs_ws/devel/share/roseus/ros/tutorial_7/msg/BlinkFeedback.l)
Linked: (/home/nao_a/hrs_ws/devel/.private/tutorial_7/share/gennodejs/ros/tutorial_7/_index.js, /home/nao_a/hrs_ws/devel/share/gennodejs/ros/tutorial_7/_index.js)
Linked: (/home/nao_a/hrs_ws/devel/.private/tutorial_7/share/gennodejs/ros/tutorial_7/msg/BlinkActionGoal.js, /home/nao_a/hrs_ws/devel/share/gennodejs/ros/tutorial_7/msg/BlinkActionGoal.js)
Linked: (/home/nao_a/hrs_ws/devel/.private/tutorial_7/share/gennodejs/ros/tutorial_7/msg/BlinkGoal.js, /home/nao_a/hrs_ws/devel/share/gennodejs/ros/tutorial_7/msg/BlinkGoal.js)
Linked: (/home/nao_a/hrs_ws/devel/.private/tutorial_7/share/gennodejs/ros/tutorial_7/msg/BlinkAction.js, /home/nao_a/hrs_ws/devel/share/gennodejs/ros/tutorial_7/msg/BlinkAction.js)
Linked: (/home/nao_a/hrs_ws/devel/.private/tutorial_7/share/gennodejs/ros/tutorial_7/msg/_index.js, /home/nao_a/hrs_ws/devel/share/gennodejs/ros/tutorial_7/msg/_index.js)
Linked: (/home/nao_a/hrs_ws/devel/.private/tutorial_7/share/gennodejs/ros/tutorial_7/msg/BlinkResult.js, /home/nao_a/hrs_ws/devel/share/gennodejs/ros/tutorial_7/msg/BlinkResult.js)
Linked: (/home/nao_a/hrs_ws/devel/.private/tutorial_7/share/gennodejs/ros/tutorial_7/msg/BlinkActionResult.js, /home/nao_a/hrs_ws/devel/share/gennodejs/ros/tutorial_7/msg/BlinkActionResult.js)
Linked: (/home/nao_a/hrs_ws/devel/.private/tutorial_7/share/gennodejs/ros/tutorial_7/msg/BlinkFeedback.js, /home/nao_a/hrs_ws/devel/share/gennodejs/ros/tutorial_7/msg/BlinkFeedback.js)
Linked: (/home/nao_a/hrs_ws/devel/.private/tutorial_7/share/gennodejs/ros/tutorial_7/msg/BlinkActionFeedback.js, /home/nao_a/hrs_ws/devel/share/gennodejs/ros/tutorial_7/msg/BlinkActionFeedback.js)
Linked: (/home/nao_a/hrs_ws/devel/.private/tutorial_7/share/tutorial_7/cmake/tutorial_7Config.cmake, /home/nao_a/hrs_ws/devel/share/tutorial_7/cmake/tutorial_7Config.cmake)
Linked: (/home/nao_a/hrs_ws/devel/.private/tutorial_7/share/tutorial_7/cmake/tutorial_7-msg-paths.cmake, /home/nao_a/hrs_ws/devel/share/tutorial_7/cmake/tutorial_7-msg-paths.cmake)
Linked: (/home/nao_a/hrs_ws/devel/.private/tutorial_7/share/tutorial_7/cmake/tutorial_7Config-version.cmake, /home/nao_a/hrs_ws/devel/share/tutorial_7/cmake/tutorial_7Config-version.cmake)
Linked: (/home/nao_a/hrs_ws/devel/.private/tutorial_7/share/tutorial_7/cmake/tutorial_7-msg-extras.cmake, /home/nao_a/hrs_ws/devel/share/tutorial_7/cmake/tutorial_7-msg-extras.cmake)
Linked: (/home/nao_a/hrs_ws/devel/.private/tutorial_7/share/tutorial_7/msg/BlinkActionResult.msg, /home/nao_a/hrs_ws/devel/share/tutorial_7/msg/BlinkActionResult.msg)
Linked: (/home/nao_a/hrs_ws/devel/.private/tutorial_7/share/tutorial_7/msg/BlinkResult.msg, /home/nao_a/hrs_ws/devel/share/tutorial_7/msg/BlinkResult.msg)
Linked: (/home/nao_a/hrs_ws/devel/.private/tutorial_7/share/tutorial_7/msg/BlinkActionGoal.msg, /home/nao_a/hrs_ws/devel/share/tutorial_7/msg/BlinkActionGoal.msg)
Linked: (/home/nao_a/hrs_ws/devel/.private/tutorial_7/share/tutorial_7/msg/BlinkAction.msg, /home/nao_a/hrs_ws/devel/share/tutorial_7/msg/BlinkAction.msg)
Linked: (/home/nao_a/hrs_ws/devel/.private/tutorial_7/share/tutorial_7/msg/BlinkFeedback.msg, /home/nao_a/hrs_ws/devel/share/tutorial_7/msg/BlinkFeedback.msg)
Linked: (/home/nao_a/hrs_ws/devel/.private/tutorial_7/share/tutorial_7/msg/BlinkActionFeedback.msg, /home/nao_a/hrs_ws/devel/share/tutorial_7/msg/BlinkActionFeedback.msg)
Linked: (/home/nao_a/hrs_ws/devel/.private/tutorial_7/share/tutorial_7/msg/BlinkGoal.msg, /home/nao_a/hrs_ws/devel/share/tutorial_7/msg/BlinkGoal.msg)
Linked: (/home/nao_a/hrs_ws/devel/.private/tutorial_7/share/common-lisp/ros/tutorial_7/msg/BlinkActionGoal.lisp, /home/nao_a/hrs_ws/devel/share/common-lisp/ros/tutorial_7/msg/BlinkActionGoal.lisp)
Linked: (/home/nao_a/hrs_ws/devel/.private/tutorial_7/share/common-lisp/ros/tutorial_7/msg/_package_BlinkActionFeedback.lisp, /home/nao_a/hrs_ws/devel/share/common-lisp/ros/tutorial_7/msg/_package_BlinkActionFeedback.lisp)
Linked: (/home/nao_a/hrs_ws/devel/.private/tutorial_7/share/common-lisp/ros/tutorial_7/msg/_package_BlinkActionResult.lisp, /home/nao_a/hrs_ws/devel/share/common-lisp/ros/tutorial_7/msg/_package_BlinkActionResult.lisp)
Linked: (/home/nao_a/hrs_ws/devel/.private/tutorial_7/share/common-lisp/ros/tutorial_7/msg/BlinkAction.lisp, /home/nao_a/hrs_ws/devel/share/common-lisp/ros/tutorial_7/msg/BlinkAction.lisp)
Linked: (/home/nao_a/hrs_ws/devel/.private/tutorial_7/share/common-lisp/ros/tutorial_7/msg/_package_BlinkAction.lisp, /home/nao_a/hrs_ws/devel/share/common-lisp/ros/tutorial_7/msg/_package_BlinkAction.lisp)
Linked: (/home/nao_a/hrs_ws/devel/.private/tutorial_7/share/common-lisp/ros/tutorial_7/msg/_package_BlinkFeedback.lisp, /home/nao_a/hrs_ws/devel/share/common-lisp/ros/tutorial_7/msg/_package_BlinkFeedback.lisp)
Linked: (/home/nao_a/hrs_ws/devel/.private/tutorial_7/share/common-lisp/ros/tutorial_7/msg/BlinkFeedback.lisp, /home/nao_a/hrs_ws/devel/share/common-lisp/ros/tutorial_7/msg/BlinkFeedback.lisp)
Linked: (/home/nao_a/hrs_ws/devel/.private/tutorial_7/share/common-lisp/ros/tutorial_7/msg/_package.lisp, /home/nao_a/hrs_ws/devel/share/common-lisp/ros/tutorial_7/msg/_package.lisp)
Linked: (/home/nao_a/hrs_ws/devel/.private/tutorial_7/share/common-lisp/ros/tutorial_7/msg/_package_BlinkGoal.lisp, /home/nao_a/hrs_ws/devel/share/common-lisp/ros/tutorial_7/msg/_package_BlinkGoal.lisp)
Linked: (/home/nao_a/hrs_ws/devel/.private/tutorial_7/share/common-lisp/ros/tutorial_7/msg/BlinkActionResult.lisp, /home/nao_a/hrs_ws/devel/share/common-lisp/ros/tutorial_7/msg/BlinkActionResult.lisp)
Linked: (/home/nao_a/hrs_ws/devel/.private/tutorial_7/share/common-lisp/ros/tutorial_7/msg/BlinkActionFeedback.lisp, /home/nao_a/hrs_ws/devel/share/common-lisp/ros/tutorial_7/msg/BlinkActionFeedback.lisp)
Linked: (/home/nao_a/hrs_ws/devel/.private/tutorial_7/share/common-lisp/ros/tutorial_7/msg/BlinkGoal.lisp, /home/nao_a/hrs_ws/devel/share/common-lisp/ros/tutorial_7/msg/BlinkGoal.lisp)
Linked: (/home/nao_a/hrs_ws/devel/.private/tutorial_7/share/common-lisp/ros/tutorial_7/msg/_package_BlinkActionGoal.lisp, /home/nao_a/hrs_ws/devel/share/common-lisp/ros/tutorial_7/msg/_package_BlinkActionGoal.lisp)
Linked: (/home/nao_a/hrs_ws/devel/.private/tutorial_7/share/common-lisp/ros/tutorial_7/msg/BlinkResult.lisp, /home/nao_a/hrs_ws/devel/share/common-lisp/ros/tutorial_7/msg/BlinkResult.lisp)
Linked: (/home/nao_a/hrs_ws/devel/.private/tutorial_7/share/common-lisp/ros/tutorial_7/msg/_package_BlinkResult.lisp, /home/nao_a/hrs_ws/devel/share/common-lisp/ros/tutorial_7/msg/_package_BlinkResult.lisp)
Linked: (/home/nao_a/hrs_ws/devel/.private/tutorial_7/share/common-lisp/ros/tutorial_7/msg/tutorial_7-msg.asd, /home/nao_a/hrs_ws/devel/share/common-lisp/ros/tutorial_7/msg/tutorial_7-msg.asd)
