/usr/bin/cmake: /home/nao_a/pynaoqi/libssl.so.1.0.0: no version information available (required by /usr/lib/x86_64-linux-gnu/libcurl.so.4)
/usr/bin/cmake: /home/nao_a/pynaoqi/libssl.so.1.0.0: no version information available (required by /usr/lib/x86_64-linux-gnu/libcurl.so.4)
/usr/bin/cmake: /home/nao_a/pynaoqi/libssl.so.1.0.0: no version information available (required by /usr/lib/x86_64-linux-gnu/libcurl.so.4)
/usr/bin/cmake: /home/nao_a/pynaoqi/libcrypto.so.1.0.0: no version information available (required by /usr/lib/x86_64-linux-gnu/libcurl.so.4)
/usr/bin/cmake: /home/nao_a/pynaoqi/libssl.so.1.0.0: no version information available (required by /usr/lib/x86_64-linux-gnu/libcurl.so.4)
/usr/bin/cmake: /home/nao_a/pynaoqi/libssl.so.1.0.0: no version information available (required by /usr/lib/x86_64-linux-gnu/libcurl.so.4)
/usr/bin/cmake: /home/nao_a/pynaoqi/libssl.so.1.0.0: no version information available (required by /usr/lib/x86_64-linux-gnu/libcurl.so.4)
/usr/bin/cmake: /home/nao_a/pynaoqi/libcrypto.so.1.0.0: no version information available (required by /usr/lib/x86_64-linux-gnu/libcurl.so.4)
/usr/bin/cmake/usr/bin/cmake/usr/bin/cmake: /home/nao_a/pynaoqi/libssl.so.1.0.0: no version information available (required by /usr/lib/x86_64-linux-gnu/libcurl.so.4)
/usr/bin/cmake: /home/nao_a/pynaoqi/libssl.so.1.0.0: no version information available (required by /usr/lib/x86_64-linux-gnu/libcurl.so.4)
/usr/bin/cmake: /home/nao_a/pynaoqi/libssl.so.1.0.0: no version information available (required by /usr/lib/x86_64-linux-gnu/libcurl.so.4)
/usr/bin/cmake: /home/nao_a/pynaoqi/libcrypto.so.1.0.0: no version information available (required by /usr/lib/x86_64-linux-gnu/libcurl.so.4)
: /home/nao_a/pynaoqi/libssl.so.1.0.0: no version information available (required by /usr/lib/x86_64-linux-gnu/libcurl.so.4)
/usr/bin/cmake: /home/nao_a/pynaoqi/libssl.so.1.0.0: no version information available (required by /usr/lib/x86_64-linux-gnu/libcurl.so.4)
/usr/bin/cmake: /home/nao_a/pynaoqi/libssl.so.1.0.0: no version information available (required by /usr/lib/x86_64-linux-gnu/libcurl.so.4)
/usr/bin/cmake: /home/nao_a/pynaoqi/libcrypto.so.1.0.0: no version information available (required by /usr/lib/x86_64-linux-gnu/libcurl.so.4)
/usr/bin/cmake: /home/nao_a/pynaoqi/libssl.so.1.0.0: no version information available (required by /usr/lib/x86_64-linux-gnu/libcurl.so.4)
/usr/bin/cmake: /home/nao_a/pynaoqi/libssl.so.1.0.0: no version information available (required by /usr/lib/x86_64-linux-gnu/libcurl.so.4)
/usr/bin/cmake: /home/nao_a/pynaoqi/libssl.so.1.0.0: no version information available (required by /usr/lib/x86_64-linux-gnu/libcurl.so.4)
/usr/bin/cmake: /home/nao_a/pynaoqi/libcrypto.so.1.0.0: no version information available (required by /usr/lib/x86_64-linux-gnu/libcurl.so.4)
/usr/bin/cmake: /home/nao_a/pynaoqi/libssl.so.1.0.0: no version information available (required by /usr/lib/x86_64-linux-gnu/libcurl.so.4)
/usr/bin/cmake: /home/nao_a/pynaoqi/libssl.so.1.0.0: no version information available (required by /usr/lib/x86_64-linux-gnu/libcurl.so.4)
/usr/bin/cmake: /home/nao_a/pynaoqi/libssl.so.1.0.0: no version information available (required by /usr/lib/x86_64-linux-gnu/libcurl.so.4)
/usr/bin/cmake: /home/nao_a/pynaoqi/libcrypto.so.1.0.0: no version information available (required by /usr/lib/x86_64-linux-gnu/libcurl.so.4)
: /home/nao_a/pynaoqi/libssl.so.1.0.0: no version information available (required by /usr/lib/x86_64-linux-gnu/libcurl.so.4)
/usr/bin/cmake: /home/nao_a/pynaoqi/libssl.so.1.0.0: no version information available (required by /usr/lib/x86_64-linux-gnu/libcurl.so.4)
/usr/bin/cmake: /home/nao_a/pynaoqi/libssl.so.1.0.0: no version information available (required by /usr/lib/x86_64-linux-gnu/libcurl.so.4)
/usr/bin/cmake: /home/nao_a/pynaoqi/libcrypto.so.1.0.0: no version information available (required by /usr/lib/x86_64-linux-gnu/libcurl.so.4)
/usr/bin/cmake: /home/nao_a/pynaoqi/libssl.so.1.0.0: no version information available (required by /usr/lib/x86_64-linux-gnu/libcurl.so.4)
/usr/bin/cmake: /home/nao_a/pynaoqi/libssl.so.1.0.0: no version information available (required by /usr/lib/x86_64-linux-gnu/libcurl.so.4)
/usr/bin/cmake: /home/nao_a/pynaoqi/libssl.so.1.0.0: no version information available (required by /usr/lib/x86_64-linux-gnu/libcurl.so.4)
/usr/bin/cmake: /home/nao_a/pynaoqi/libcrypto.so.1.0.0: no version information available (required by /usr/lib/x86_64-linux-gnu/libcurl.so.4)
/usr/bin/cmake: /home/nao_a/pynaoqi/libssl.so.1.0.0: no version information available (required by /usr/lib/x86_64-linux-gnu/libcurl.so.4)
/usr/bin/cmake: /home/nao_a/pynaoqi/libssl.so.1.0.0: no version information available (required by /usr/lib/x86_64-linux-gnu/libcurl.so.4)
/usr/bin/cmake: /home/nao_a/pynaoqi/libssl.so.1.0.0: no version information available (required by /usr/lib/x86_64-linux-gnu/libcurl.so.4)
/usr/bin/cmake: /home/nao_a/pynaoqi/libcrypto.so.1.0.0: no version information available (required by /usr/lib/x86_64-linux-gnu/libcurl.so.4)
/usr/bin/cmake: /home/nao_a/pynaoqi/libssl.so.1.0.0: no version information available (required by /usr/lib/x86_64-linux-gnu/libcurl.so.4)
/usr/bin/cmake: /home/nao_a/pynaoqi/libssl.so.1.0.0: no version information available (required by /usr/lib/x86_64-linux-gnu/libcurl.so.4)
/usr/bin/cmake: /home/nao_a/pynaoqi/libssl.so.1.0.0: no version information available (required by /usr/lib/x86_64-linux-gnu/libcurl.so.4)
/usr/bin/cmake: /home/nao_a/pynaoqi/libcrypto.so.1.0.0: no version information available (required by /usr/lib/x86_64-linux-gnu/libcurl.so.4)
/usr/bin/cmake: /home/nao_a/pynaoqi/libssl.so.1.0.0: no version information available (required by /usr/lib/x86_64-linux-gnu/libcurl.so.4)
/usr/bin/cmake: /home/nao_a/pynaoqi/libssl.so.1.0.0: no version information available (required by /usr/lib/x86_64-linux-gnu/libcurl.so.4)
/usr/bin/cmake: /home/nao_a/pynaoqi/libssl.so.1.0.0: no version information available (required by /usr/lib/x86_64-linux-gnu/libcurl.so.4)
/usr/bin/cmake: /home/nao_a/pynaoqi/libcrypto.so.1.0.0: no version information available (required by /usr/lib/x86_64-linux-gnu/libcurl.so.4)
/usr/bin/cmake: /home/nao_a/pynaoqi/libssl.so.1.0.0: no version information available (required by /usr/lib/x86_64-linux-gnu/libcurl.so.4)
/usr/bin/cmake: /home/nao_a/pynaoqi/libssl.so.1.0.0: no version information available (required by /usr/lib/x86_64-linux-gnu/libcurl.so.4)
/usr/bin/cmake: /home/nao_a/pynaoqi/libssl.so.1.0.0: no version information available (required by /usr/lib/x86_64-linux-gnu/libcurl.so.4)
/usr/bin/cmake: /home/nao_a/pynaoqi/libcrypto.so.1.0.0: no version information available (required by /usr/lib/x86_64-linux-gnu/libcurl.so.4)
/usr/bin/cmake: /home/nao_a/pynaoqi/libssl.so.1.0.0: no version information available (required by /usr/lib/x86_64-linux-gnu/libcurl.so.4)
/usr/bin/cmake: /home/nao_a/pynaoqi/libssl.so.1.0.0: no version information available (required by /usr/lib/x86_64-linux-gnu/libcurl.so.4)
/usr/bin/cmake: /home/nao_a/pynaoqi/libssl.so.1.0.0: no version information available (required by /usr/lib/x86_64-linux-gnu/libcurl.so.4)
/usr/bin/cmake: /home/nao_a/pynaoqi/libcrypto.so.1.0.0: no version information available (required by /usr/lib/x86_64-linux-gnu/libcurl.so.4)
/usr/bin/cmake: /home/nao_a/pynaoqi/libssl.so.1.0.0: no version information available (required by /usr/lib/x86_64-linux-gnu/libcurl.so.4)
/usr/bin/cmake: /home/nao_a/pynaoqi/libssl.so.1.0.0: no version information available (required by /usr/lib/x86_64-linux-gnu/libcurl.so.4)
/usr/bin/cmake: /home/nao_a/pynaoqi/libssl.so.1.0.0: no version information available (required by /usr/lib/x86_64-linux-gnu/libcurl.so.4)
/usr/bin/cmake: /home/nao_a/pynaoqi/libcrypto.so.1.0.0: no version information available (required by /usr/lib/x86_64-linux-gnu/libcurl.so.4)
/usr/bin/cmake: /home/nao_a/pynaoqi/libssl.so.1.0.0: no version information available (required by /usr/lib/x86_64-linux-gnu/libcurl.so.4)
/usr/bin/cmake: /home/nao_a/pynaoqi/libssl.so.1.0.0: no version information available (required by /usr/lib/x86_64-linux-gnu/libcurl.so.4)
/usr/bin/cmake: /home/nao_a/pynaoqi/libssl.so.1.0.0: no version information available (required by /usr/lib/x86_64-linux-gnu/libcurl.so.4)
/usr/bin/cmake: /home/nao_a/pynaoqi/libcrypto.so.1.0.0: no version information available (required by /usr/lib/x86_64-linux-gnu/libcurl.so.4)
/usr/bin/cmake: /home/nao_a/pynaoqi/libssl.so.1.0.0: no version information available (required by /usr/lib/x86_64-linux-gnu/libcurl.so.4)
/usr/bin/cmake: /home/nao_a/pynaoqi/libssl.so.1.0.0: no version information available (required by /usr/lib/x86_64-linux-gnu/libcurl.so.4)
/usr/bin/cmake: /home/nao_a/pynaoqi/libssl.so.1.0.0: no version information available (required by /usr/lib/x86_64-linux-gnu/libcurl.so.4)
/usr/bin/cmake: /home/nao_a/pynaoqi/libcrypto.so.1.0.0: no version information available (required by /usr/lib/x86_64-linux-gnu/libcurl.so.4)
/usr/bin/cmake: /home/nao_a/pynaoqi/libssl.so.1.0.0: no version information available (required by /usr/lib/x86_64-linux-gnu/libcurl.so.4)/usr/bin/cmake: /home/nao_a/pynaoqi/libssl.so.1.0.0: no version information available (required by /usr/lib/x86_64-linux-gnu/libcurl.so.4)
/usr/bin/cmake: /home/nao_a/pynaoqi/libssl.so.1.0.0: no version information available (required by /usr/lib/x86_64-linux-gnu/libcurl.so.4)
/usr/bin/cmake: /home/nao_a/pynaoqi/libssl.so.1.0.0: no version information available (required by /usr/lib/x86_64-linux-gnu/libcurl.so.4)
/usr/bin/cmake: /home/nao_a/pynaoqi/libcrypto.so.1.0.0: no version information available (required by /usr/lib/x86_64-linux-gnu/libcurl.so.4)

/usr/bin/cmake: /home/nao_a/pynaoqi/libssl.so.1.0.0: no version information available (required by /usr/lib/x86_64-linux-gnu/libcurl.so.4)
/usr/bin/cmake: /home/nao_a/pynaoqi/libssl.so.1.0.0: no version information available (required by /usr/lib/x86_64-linux-gnu/libcurl.so.4)
/usr/bin/cmake: /home/nao_a/pynaoqi/libcrypto.so.1.0.0: no version information available (required by /usr/lib/x86_64-linux-gnu/libcurl.so.4)
/usr/bin/cmake: /home/nao_a/pynaoqi/libssl.so.1.0.0: no version information available (required by /usr/lib/x86_64-linux-gnu/libcurl.so.4)
/usr/bin/cmake: /home/nao_a/pynaoqi/libssl.so.1.0.0: no version information available (required by /usr/lib/x86_64-linux-gnu/libcurl.so.4)
/usr/bin/cmake: /home/nao_a/pynaoqi/libssl.so.1.0.0: no version information available (required by /usr/lib/x86_64-linux-gnu/libcurl.so.4)
/usr/bin/cmake: /home/nao_a/pynaoqi/libcrypto.so.1.0.0: no version information available (required by /usr/lib/x86_64-linux-gnu/libcurl.so.4)
/usr/bin/cmake: /home/nao_a/pynaoqi/libssl.so.1.0.0: no version information available (required by /usr/lib/x86_64-linux-gnu/libcurl.so.4)
/usr/bin/cmake: /home/nao_a/pynaoqi/libssl.so.1.0.0: no version information available (required by /usr/lib/x86_64-linux-gnu/libcurl.so.4)
/usr/bin/cmake: /home/nao_a/pynaoqi/libssl.so.1.0.0: no version information available (required by /usr/lib/x86_64-linux-gnu/libcurl.so.4)
/usr/bin/cmake: /home/nao_a/pynaoqi/libcrypto.so.1.0.0: no version information available (required by /usr/lib/x86_64-linux-gnu/libcurl.so.4)
/usr/bin/cmake: /home/nao_a/pynaoqi/libssl.so.1.0.0: no version information available (required by /usr/lib/x86_64-linux-gnu/libcurl.so.4)
/usr/bin/cmake: /home/nao_a/pynaoqi/libssl.so.1.0.0: no version information available (required by /usr/lib/x86_64-linux-gnu/libcurl.so.4)
/usr/bin/cmake: /home/nao_a/pynaoqi/libssl.so.1.0.0: no version information available (required by /usr/lib/x86_64-linux-gnu/libcurl.so.4)
/usr/bin/cmake: /home/nao_a/pynaoqi/libcrypto.so.1.0.0: no version information available (required by /usr/lib/x86_64-linux-gnu/libcurl.so.4)
/usr/bin/cmake: /home/nao_a/pynaoqi/libssl.so.1.0.0: no version information available (required by /usr/lib/x86_64-linux-gnu/libcurl.so.4)
/usr/bin/cmake: /home/nao_a/pynaoqi/libssl.so.1.0.0: no version information available (required by /usr/lib/x86_64-linux-gnu/libcurl.so.4)
/usr/bin/cmake: /home/nao_a/pynaoqi/libssl.so.1.0.0: no version information available (required by /usr/lib/x86_64-linux-gnu/libcurl.so.4)
/usr/bin/cmake: /home/nao_a/pynaoqi/libcrypto.so.1.0.0: no version information available (required by /usr/lib/x86_64-linux-gnu/libcurl.so.4)
/usr/bin/cmake: /home/nao_a/pynaoqi/libssl.so.1.0.0: no version information available (required by /usr/lib/x86_64-linux-gnu/libcurl.so.4)
/usr/bin/cmake: /home/nao_a/pynaoqi/libssl.so.1.0.0: no version information available (required by /usr/lib/x86_64-linux-gnu/libcurl.so.4)
/usr/bin/cmake: /home/nao_a/pynaoqi/libssl.so.1.0.0: no version information available (required by /usr/lib/x86_64-linux-gnu/libcurl.so.4)
/usr/bin/cmake: /home/nao_a/pynaoqi/libcrypto.so.1.0.0: no version information available (required by /usr/lib/x86_64-linux-gnu/libcurl.so.4)
/usr/bin/cmake: /home/nao_a/pynaoqi/libssl.so.1.0.0: no version information available (required by /usr/lib/x86_64-linux-gnu/libcurl.so.4)
/usr/bin/cmake: /home/nao_a/pynaoqi/libssl.so.1.0.0: no version information available (required by /usr/lib/x86_64-linux-gnu/libcurl.so.4)
/usr/bin/cmake: /home/nao_a/pynaoqi/libssl.so.1.0.0: no version information available (required by /usr/lib/x86_64-linux-gnu/libcurl.so.4)
/usr/bin/cmake: /home/nao_a/pynaoqi/libcrypto.so.1.0.0: no version information available (required by /usr/lib/x86_64-linux-gnu/libcurl.so.4)
/usr/bin/cmake: /home/nao_a/pynaoqi/libssl.so.1.0.0: no version information available (required by /usr/lib/x86_64-linux-gnu/libcurl.so.4)/usr/bin/cmake: /home/nao_a/pynaoqi/libssl.so.1.0.0: no version information available (required by /usr/lib/x86_64-linux-gnu/libcurl.so.4)
/usr/bin/cmake: /home/nao_a/pynaoqi/libssl.so.1.0.0: no version information available (required by /usr/lib/x86_64-linux-gnu/libcurl.so.4)
/usr/bin/cmake: /home/nao_a/pynaoqi/libssl.so.1.0.0: no version information available (required by /usr/lib/x86_64-linux-gnu/libcurl.so.4)
/usr/bin/cmake: /home/nao_a/pynaoqi/libcrypto.so.1.0.0: no version information available (required by /usr/lib/x86_64-linux-gnu/libcurl.so.4)

/usr/bin/cmake: /home/nao_a/pynaoqi/libssl.so.1.0.0: no version information available (required by /usr/lib/x86_64-linux-gnu/libcurl.so.4)
/usr/bin/cmake: /home/nao_a/pynaoqi/libssl.so.1.0.0: no version information available (required by /usr/lib/x86_64-linux-gnu/libcurl.so.4)
/usr/bin/cmake: /home/nao_a/pynaoqi/libcrypto.so.1.0.0: no version information available (required by /usr/lib/x86_64-linux-gnu/libcurl.so.4)
/usr/bin/cmake: /home/nao_a/pynaoqi/libssl.so.1.0.0: no version information available (required by /usr/lib/x86_64-linux-gnu/libcurl.so.4)
/usr/bin/cmake: /home/nao_a/pynaoqi/libssl.so.1.0.0: no version information available (required by /usr/lib/x86_64-linux-gnu/libcurl.so.4)
/usr/bin/cmake: /home/nao_a/pynaoqi/libssl.so.1.0.0: no version information available (required by /usr/lib/x86_64-linux-gnu/libcurl.so.4)
/usr/bin/cmake: /home/nao_a/pynaoqi/libcrypto.so.1.0.0: no version information available (required by /usr/lib/x86_64-linux-gnu/libcurl.so.4)
/usr/bin/cmake: /home/nao_a/pynaoqi/libssl.so.1.0.0: no version information available (required by /usr/lib/x86_64-linux-gnu/libcurl.so.4)
/usr/bin/cmake: /home/nao_a/pynaoqi/libssl.so.1.0.0: no version information available (required by /usr/lib/x86_64-linux-gnu/libcurl.so.4)
/usr/bin/cmake: /home/nao_a/pynaoqi/libssl.so.1.0.0: no version information available (required by /usr/lib/x86_64-linux-gnu/libcurl.so.4)
/usr/bin/cmake: /home/nao_a/pynaoqi/libcrypto.so.1.0.0: no version information available (required by /usr/lib/x86_64-linux-gnu/libcurl.so.4)
/usr/bin/cmake: /home/nao_a/pynaoqi/libssl.so.1.0.0: no version information available (required by /usr/lib/x86_64-linux-gnu/libcurl.so.4)
/usr/bin/cmake: /home/nao_a/pynaoqi/libssl.so.1.0.0: no version information available (required by /usr/lib/x86_64-linux-gnu/libcurl.so.4)
/usr/bin/cmake: /home/nao_a/pynaoqi/libssl.so.1.0.0: no version information available (required by /usr/lib/x86_64-linux-gnu/libcurl.so.4)
/usr/bin/cmake: /home/nao_a/pynaoqi/libcrypto.so.1.0.0: no version information available (required by /usr/lib/x86_64-linux-gnu/libcurl.so.4)
/usr/bin/cmake: /home/nao_a/pynaoqi/libssl.so.1.0.0: no version information available (required by /usr/lib/x86_64-linux-gnu/libcurl.so.4)
/usr/bin/cmake: /home/nao_a/pynaoqi/libssl.so.1.0.0: no version information available (required by /usr/lib/x86_64-linux-gnu/libcurl.so.4)
/usr/bin/cmake: /home/nao_a/pynaoqi/libssl.so.1.0.0: no version information available (required by /usr/lib/x86_64-linux-gnu/libcurl.so.4)
/usr/bin/cmake: /home/nao_a/pynaoqi/libcrypto.so.1.0.0: no version information available (required by /usr/lib/x86_64-linux-gnu/libcurl.so.4)
/usr/bin/cmake: /home/nao_a/pynaoqi/libssl.so.1.0.0: no version information available (required by /usr/lib/x86_64-linux-gnu/libcurl.so.4)
/usr/bin/cmake: /home/nao_a/pynaoqi/libssl.so.1.0.0: no version information available (required by /usr/lib/x86_64-linux-gnu/libcurl.so.4)
/usr/bin/cmake: /home/nao_a/pynaoqi/libssl.so.1.0.0: no version information available (required by /usr/lib/x86_64-linux-gnu/libcurl.so.4)
/usr/bin/cmake: /home/nao_a/pynaoqi/libcrypto.so.1.0.0: no version information available (required by /usr/lib/x86_64-linux-gnu/libcurl.so.4)
/usr/bin/cmake: /home/nao_a/pynaoqi/libssl.so.1.0.0: no version information available (required by /usr/lib/x86_64-linux-gnu/libcurl.so.4)
/usr/bin/cmake: /home/nao_a/pynaoqi/libssl.so.1.0.0: no version information available (required by /usr/lib/x86_64-linux-gnu/libcurl.so.4)
/usr/bin/cmake: /home/nao_a/pynaoqi/libssl.so.1.0.0: no version information available (required by /usr/lib/x86_64-linux-gnu/libcurl.so.4)
/usr/bin/cmake: /home/nao_a/pynaoqi/libcrypto.so.1.0.0: no version information available (required by /usr/lib/x86_64-linux-gnu/libcurl.so.4)
/usr/bin/cmake: /home/nao_a/pynaoqi/libssl.so.1.0.0: no version information available (required by /usr/lib/x86_64-linux-gnu/libcurl.so.4)/usr/bin/cmake: /home/nao_a/pynaoqi/libssl.so.1.0.0: no version information available (required by /usr/lib/x86_64-linux-gnu/libcurl.so.4)
/usr/bin/cmake: /home/nao_a/pynaoqi/libssl.so.1.0.0: no version information available (required by /usr/lib/x86_64-linux-gnu/libcurl.so.4)
/usr/bin/cmake: /home/nao_a/pynaoqi/libssl.so.1.0.0: no version information available (required by /usr/lib/x86_64-linux-gnu/libcurl.so.4)
/usr/bin/cmake: /home/nao_a/pynaoqi/libcrypto.so.1.0.0: no version information available (required by /usr/lib/x86_64-linux-gnu/libcurl.so.4)
/usr/bin/cmake: /home/nao_a/pynaoqi/libssl.so.1.0.0: no version information available (required by /usr/lib/x86_64-linux-gnu/libcurl.so.4)
/usr/bin/cmake: /home/nao_a/pynaoqi/libssl.so.1.0.0: no version information available (required by /usr/lib/x86_64-linux-gnu/libcurl.so.4)
/usr/bin/cmake: /home/nao_a/pynaoqi/libssl.so.1.0.0: no version information available (required by /usr/lib/x86_64-linux-gnu/libcurl.so.4)
/usr/bin/cmake: /home/nao_a/pynaoqi/libcrypto.so.1.0.0: no version information available (required by /usr/lib/x86_64-linux-gnu/libcurl.so.4)

/usr/bin/cmake: /home/nao_a/pynaoqi/libssl.so.1.0.0: no version information available (required by /usr/lib/x86_64-linux-gnu/libcurl.so.4)
/usr/bin/cmake: /home/nao_a/pynaoqi/libssl.so.1.0.0: no version information available (required by /usr/lib/x86_64-linux-gnu/libcurl.so.4)
/usr/bin/cmake: /home/nao_a/pynaoqi/libcrypto.so.1.0.0: no version information available (required by /usr/lib/x86_64-linux-gnu/libcurl.so.4)
/usr/bin/cmake: /home/nao_a/pynaoqi/libssl.so.1.0.0: no version information available (required by /usr/lib/x86_64-linux-gnu/libcurl.so.4)
/usr/bin/cmake: /home/nao_a/pynaoqi/libssl.so.1.0.0: no version information available (required by /usr/lib/x86_64-linux-gnu/libcurl.so.4)
/usr/bin/cmake: /home/nao_a/pynaoqi/libssl.so.1.0.0: no version information available (required by /usr/lib/x86_64-linux-gnu/libcurl.so.4)
/usr/bin/cmake: /home/nao_a/pynaoqi/libcrypto.so.1.0.0: no version information available (required by /usr/lib/x86_64-linux-gnu/libcurl.so.4)
/usr/bin/cmake: /home/nao_a/pynaoqi/libssl.so.1.0.0: no version information available (required by /usr/lib/x86_64-linux-gnu/libcurl.so.4)
/usr/bin/cmake: /home/nao_a/pynaoqi/libssl.so.1.0.0: no version information available (required by /usr/lib/x86_64-linux-gnu/libcurl.so.4)
/usr/bin/cmake: /home/nao_a/pynaoqi/libssl.so.1.0.0: no version information available (required by /usr/lib/x86_64-linux-gnu/libcurl.so.4)
/usr/bin/cmake: /home/nao_a/pynaoqi/libcrypto.so.1.0.0: no version information available (required by /usr/lib/x86_64-linux-gnu/libcurl.so.4)
/usr/bin/cmake: /home/nao_a/pynaoqi/libssl.so.1.0.0: no version information available (required by /usr/lib/x86_64-linux-gnu/libcurl.so.4)
/usr/bin/cmake: /home/nao_a/pynaoqi/libssl.so.1.0.0: no version information available (required by /usr/lib/x86_64-linux-gnu/libcurl.so.4)
/usr/bin/cmake: /home/nao_a/pynaoqi/libssl.so.1.0.0: no version information available (required by /usr/lib/x86_64-linux-gnu/libcurl.so.4)
/usr/bin/cmake: /home/nao_a/pynaoqi/libcrypto.so.1.0.0: no version information available (required by /usr/lib/x86_64-linux-gnu/libcurl.so.4)
/usr/bin/cmake: /home/nao_a/pynaoqi/libssl.so.1.0.0: no version information available (required by /usr/lib/x86_64-linux-gnu/libcurl.so.4)
/usr/bin/cmake: /home/nao_a/pynaoqi/libssl.so.1.0.0: no version information available (required by /usr/lib/x86_64-linux-gnu/libcurl.so.4)
/usr/bin/cmake: /home/nao_a/pynaoqi/libssl.so.1.0.0: no version information available (required by /usr/lib/x86_64-linux-gnu/libcurl.so.4)
/usr/bin/cmake: /home/nao_a/pynaoqi/libcrypto.so.1.0.0: no version information available (required by /usr/lib/x86_64-linux-gnu/libcurl.so.4)
/usr/bin/cmake: /home/nao_a/pynaoqi/libssl.so.1.0.0: no version information available (required by /usr/lib/x86_64-linux-gnu/libcurl.so.4)
/usr/bin/cmake: /home/nao_a/pynaoqi/libssl.so.1.0.0: no version information available (required by /usr/lib/x86_64-linux-gnu/libcurl.so.4)
/usr/bin/cmake: /home/nao_a/pynaoqi/libssl.so.1.0.0: no version information available (required by /usr/lib/x86_64-linux-gnu/libcurl.so.4)
/usr/bin/cmake: /home/nao_a/pynaoqi/libcrypto.so.1.0.0: no version information available (required by /usr/lib/x86_64-linux-gnu/libcurl.so.4)
/usr/bin/cmake: /home/nao_a/pynaoqi/libssl.so.1.0.0: no version information available (required by /usr/lib/x86_64-linux-gnu/libcurl.so.4)
/usr/bin/cmake: /home/nao_a/pynaoqi/libssl.so.1.0.0: no version information available (required by /usr/lib/x86_64-linux-gnu/libcurl.so.4)
/usr/bin/cmake: /home/nao_a/pynaoqi/libssl.so.1.0.0: no version information available (required by /usr/lib/x86_64-linux-gnu/libcurl.so.4)
/usr/bin/cmake: /home/nao_a/pynaoqi/libcrypto.so.1.0.0: no version information available (required by /usr/lib/x86_64-linux-gnu/libcurl.so.4)
/usr/bin/cmake: /home/nao_a/pynaoqi/libssl.so.1.0.0: no version information available (required by /usr/lib/x86_64-linux-gnu/libcurl.so.4)
/usr/bin/cmake: /home/nao_a/pynaoqi/libssl.so.1.0.0: no version information available (required by /usr/lib/x86_64-linux-gnu/libcurl.so.4)
/usr/bin/cmake: /home/nao_a/pynaoqi/libssl.so.1.0.0: no version information available (required by /usr/lib/x86_64-linux-gnu/libcurl.so.4)
/usr/bin/cmake: /home/nao_a/pynaoqi/libcrypto.so.1.0.0: no version information available (required by /usr/lib/x86_64-linux-gnu/libcurl.so.4)
/usr/bin/cmake: /home/nao_a/pynaoqi/libssl.so.1.0.0: no version information available (required by /usr/lib/x86_64-linux-gnu/libcurl.so.4)
/usr/bin/cmake: /home/nao_a/pynaoqi/libssl.so.1.0.0: no version information available (required by /usr/lib/x86_64-linux-gnu/libcurl.so.4)
/usr/bin/cmake: /home/nao_a/pynaoqi/libssl.so.1.0.0: no version information available (required by /usr/lib/x86_64-linux-gnu/libcurl.so.4)
/usr/bin/cmake: /home/nao_a/pynaoqi/libcrypto.so.1.0.0: no version information available (required by /usr/lib/x86_64-linux-gnu/libcurl.so.4)
/usr/bin/cmake: /home/nao_a/pynaoqi/libssl.so.1.0.0: no version information available (required by /usr/lib/x86_64-linux-gnu/libcurl.so.4)/usr/bin/cmake: /home/nao_a/pynaoqi/libssl.so.1.0.0: no version information available (required by /usr/lib/x86_64-linux-gnu/libcurl.so.4)
/usr/bin/cmake: /home/nao_a/pynaoqi/libssl.so.1.0.0: no version information available (required by /usr/lib/x86_64-linux-gnu/libcurl.so.4)
/usr/bin/cmake: /home/nao_a/pynaoqi/libssl.so.1.0.0: no version information available (required by /usr/lib/x86_64-linux-gnu/libcurl.so.4)
/usr/bin/cmake: /home/nao_a/pynaoqi/libcrypto.so.1.0.0: no version information available (required by /usr/lib/x86_64-linux-gnu/libcurl.so.4)

/usr/bin/cmake: /home/nao_a/pynaoqi/libssl.so.1.0.0: no version information available (required by /usr/lib/x86_64-linux-gnu/libcurl.so.4)
/usr/bin/cmake: /home/nao_a/pynaoqi/libssl.so.1.0.0: no version information available (required by /usr/lib/x86_64-linux-gnu/libcurl.so.4)
/usr/bin/cmake: /home/nao_a/pynaoqi/libcrypto.so.1.0.0: no version information available (required by /usr/lib/x86_64-linux-gnu/libcurl.so.4)
/usr/bin/cmake: /home/nao_a/pynaoqi/libssl.so.1.0.0: no version information available (required by /usr/lib/x86_64-linux-gnu/libcurl.so.4)
/usr/bin/cmake: /home/nao_a/pynaoqi/libssl.so.1.0.0: no version information available (required by /usr/lib/x86_64-linux-gnu/libcurl.so.4)
/usr/bin/cmake: /home/nao_a/pynaoqi/libssl.so.1.0.0: no version information available (required by /usr/lib/x86_64-linux-gnu/libcurl.so.4)
/usr/bin/cmake: /home/nao_a/pynaoqi/libcrypto.so.1.0.0: no version information available (required by /usr/lib/x86_64-linux-gnu/libcurl.so.4)
/usr/bin/cmake: /home/nao_a/pynaoqi/libssl.so.1.0.0: no version information available (required by /usr/lib/x86_64-linux-gnu/libcurl.so.4)
/usr/bin/cmake: /home/nao_a/pynaoqi/libssl.so.1.0.0: no version information available (required by /usr/lib/x86_64-linux-gnu/libcurl.so.4)
/usr/bin/cmake: /home/nao_a/pynaoqi/libssl.so.1.0.0: no version information available (required by /usr/lib/x86_64-linux-gnu/libcurl.so.4)
/usr/bin/cmake: /home/nao_a/pynaoqi/libcrypto.so.1.0.0: no version information available (required by /usr/lib/x86_64-linux-gnu/libcurl.so.4)
/usr/bin/cmake: /home/nao_a/pynaoqi/libssl.so.1.0.0: no version information available (required by /usr/lib/x86_64-linux-gnu/libcurl.so.4)
/usr/bin/cmake: /home/nao_a/pynaoqi/libssl.so.1.0.0: no version information available (required by /usr/lib/x86_64-linux-gnu/libcurl.so.4)
/usr/bin/cmake: /home/nao_a/pynaoqi/libssl.so.1.0.0: no version information available (required by /usr/lib/x86_64-linux-gnu/libcurl.so.4)
/usr/bin/cmake: /home/nao_a/pynaoqi/libcrypto.so.1.0.0: no version information available (required by /usr/lib/x86_64-linux-gnu/libcurl.so.4)
/usr/bin/cmake: /home/nao_a/pynaoqi/libssl.so.1.0.0: no version information available (required by /usr/lib/x86_64-linux-gnu/libcurl.so.4)
/usr/bin/cmake: /home/nao_a/pynaoqi/libssl.so.1.0.0: no version information available (required by /usr/lib/x86_64-linux-gnu/libcurl.so.4)
/usr/bin/cmake: /home/nao_a/pynaoqi/libssl.so.1.0.0: no version information available (required by /usr/lib/x86_64-linux-gnu/libcurl.so.4)
/usr/bin/cmake: /home/nao_a/pynaoqi/libcrypto.so.1.0.0: no version information available (required by /usr/lib/x86_64-linux-gnu/libcurl.so.4)
/usr/bin/cmake: /home/nao_a/pynaoqi/libssl.so.1.0.0: no version information available (required by /usr/lib/x86_64-linux-gnu/libcurl.so.4)
/usr/bin/cmake: /home/nao_a/pynaoqi/libssl.so.1.0.0: no version information available (required by /usr/lib/x86_64-linux-gnu/libcurl.so.4)
/usr/bin/cmake: /home/nao_a/pynaoqi/libssl.so.1.0.0: no version information available (required by /usr/lib/x86_64-linux-gnu/libcurl.so.4)
/usr/bin/cmake: /home/nao_a/pynaoqi/libcrypto.so.1.0.0: no version information available (required by /usr/lib/x86_64-linux-gnu/libcurl.so.4)
/usr/bin/cmake: /home/nao_a/pynaoqi/libssl.so.1.0.0: no version information available (required by /usr/lib/x86_64-linux-gnu/libcurl.so.4)
/usr/bin/cmake: /home/nao_a/pynaoqi/libssl.so.1.0.0: no version information available (required by /usr/lib/x86_64-linux-gnu/libcurl.so.4)
/usr/bin/cmake: /home/nao_a/pynaoqi/libssl.so.1.0.0: no version information available (required by /usr/lib/x86_64-linux-gnu/libcurl.so.4)
/usr/bin/cmake: /home/nao_a/pynaoqi/libcrypto.so.1.0.0: no version information available (required by /usr/lib/x86_64-linux-gnu/libcurl.so.4)
/usr/bin/cmake: /home/nao_a/pynaoqi/libssl.so.1.0.0: no version information available (required by /usr/lib/x86_64-linux-gnu/libcurl.so.4)
/usr/bin/cmake: /home/nao_a/pynaoqi/libssl.so.1.0.0: no version information available (required by /usr/lib/x86_64-linux-gnu/libcurl.so.4)
/usr/bin/cmake: /home/nao_a/pynaoqi/libssl.so.1.0.0: no version information available (required by /usr/lib/x86_64-linux-gnu/libcurl.so.4)
/usr/bin/cmake: /home/nao_a/pynaoqi/libcrypto.so.1.0.0: no version information available (required by /usr/lib/x86_64-linux-gnu/libcurl.so.4)
/usr/bin/cmake: /home/nao_a/pynaoqi/libssl.so.1.0.0: no version information available (required by /usr/lib/x86_64-linux-gnu/libcurl.so.4)
/usr/bin/cmake: /home/nao_a/pynaoqi/libssl.so.1.0.0: no version information available (required by /usr/lib/x86_64-linux-gnu/libcurl.so.4)
/usr/bin/cmake: /home/nao_a/pynaoqi/libssl.so.1.0.0: no version information available (required by /usr/lib/x86_64-linux-gnu/libcurl.so.4)
/usr/bin/cmake: /home/nao_a/pynaoqi/libcrypto.so.1.0.0: no version information available (required by /usr/lib/x86_64-linux-gnu/libcurl.so.4)
/usr/bin/cmake: /home/nao_a/pynaoqi/libssl.so.1.0.0: no version information available (required by /usr/lib/x86_64-linux-gnu/libcurl.so.4)
/usr/bin/cmake: /home/nao_a/pynaoqi/libssl.so.1.0.0: no version information available (required by /usr/lib/x86_64-linux-gnu/libcurl.so.4)
/usr/bin/cmake: /home/nao_a/pynaoqi/libssl.so.1.0.0: no version information available (required by /usr/lib/x86_64-linux-gnu/libcurl.so.4)
/usr/bin/cmake: /home/nao_a/pynaoqi/libcrypto.so.1.0.0: no version information available (required by /usr/lib/x86_64-linux-gnu/libcurl.so.4)
/usr/bin/cmake: /home/nao_a/pynaoqi/libssl.so.1.0.0: no version information available (required by /usr/lib/x86_64-linux-gnu/libcurl.so.4)
/usr/bin/cmake: /home/nao_a/pynaoqi/libssl.so.1.0.0: no version information available (required by /usr/lib/x86_64-linux-gnu/libcurl.so.4)
/usr/bin/cmake: /home/nao_a/pynaoqi/libssl.so.1.0.0: no version information available (required by /usr/lib/x86_64-linux-gnu/libcurl.so.4)
/usr/bin/cmake: /home/nao_a/pynaoqi/libcrypto.so.1.0.0: no version information available (required by /usr/lib/x86_64-linux-gnu/libcurl.so.4)
/usr/bin/cmake: /home/nao_a/pynaoqi/libssl.so.1.0.0: no version information available (required by /usr/lib/x86_64-linux-gnu/libcurl.so.4)
/usr/bin/cmake: /home/nao_a/pynaoqi/libssl.so.1.0.0: no version information available (required by /usr/lib/x86_64-linux-gnu/libcurl.so.4)
/usr/bin/cmake: /home/nao_a/pynaoqi/libssl.so.1.0.0: no version information available (required by /usr/lib/x86_64-linux-gnu/libcurl.so.4)
/usr/bin/cmake: /home/nao_a/pynaoqi/libcrypto.so.1.0.0: no version information available (required by /usr/lib/x86_64-linux-gnu/libcurl.so.4)
/usr/bin/cmake: /home/nao_a/pynaoqi/libssl.so.1.0.0: no version information available (required by /usr/lib/x86_64-linux-gnu/libcurl.so.4)
/usr/bin/cmake: /home/nao_a/pynaoqi/libssl.so.1.0.0: no version information available (required by /usr/lib/x86_64-linux-gnu/libcurl.so.4)
/usr/bin/cmake: /home/nao_a/pynaoqi/libssl.so.1.0.0: no version information available (required by /usr/lib/x86_64-linux-gnu/libcurl.so.4)
/usr/bin/cmake: /home/nao_a/pynaoqi/libcrypto.so.1.0.0: no version information available (required by /usr/lib/x86_64-linux-gnu/libcurl.so.4)
/usr/bin/cmake: /home/nao_a/pynaoqi/libssl.so.1.0.0: no version information available (required by /usr/lib/x86_64-linux-gnu/libcurl.so.4)
/usr/bin/cmake: /home/nao_a/pynaoqi/libssl.so.1.0.0: no version information available (required by /usr/lib/x86_64-linux-gnu/libcurl.so.4)
/usr/bin/cmake: /home/nao_a/pynaoqi/libssl.so.1.0.0: no version information available (required by /usr/lib/x86_64-linux-gnu/libcurl.so.4)
/usr/bin/cmake: /home/nao_a/pynaoqi/libcrypto.so.1.0.0: no version information available (required by /usr/lib/x86_64-linux-gnu/libcurl.so.4)
/usr/bin/cmake: /home/nao_a/pynaoqi/libssl.so.1.0.0: no version information available (required by /usr/lib/x86_64-linux-gnu/libcurl.so.4)
/usr/bin/cmake: /home/nao_a/pynaoqi/libssl.so.1.0.0: no version information available (required by /usr/lib/x86_64-linux-gnu/libcurl.so.4)
/usr/bin/cmake: /home/nao_a/pynaoqi/libssl.so.1.0.0: no version information available (required by /usr/lib/x86_64-linux-gnu/libcurl.so.4)
/usr/bin/cmake: /home/nao_a/pynaoqi/libcrypto.so.1.0.0: no version information available (required by /usr/lib/x86_64-linux-gnu/libcurl.so.4)
/usr/bin/cmake: /home/nao_a/pynaoqi/libssl.so.1.0.0: no version information available (required by /usr/lib/x86_64-linux-gnu/libcurl.so.4)
/usr/bin/cmake: /home/nao_a/pynaoqi/libssl.so.1.0.0: no version information available (required by /usr/lib/x86_64-linux-gnu/libcurl.so.4)
/usr/bin/cmake: /home/nao_a/pynaoqi/libssl.so.1.0.0: no version information available (required by /usr/lib/x86_64-linux-gnu/libcurl.so.4)
/usr/bin/cmake: /home/nao_a/pynaoqi/libcrypto.so.1.0.0: no version information available (required by /usr/lib/x86_64-linux-gnu/libcurl.so.4)
/usr/bin/cmake: /home/nao_a/pynaoqi/libssl.so.1.0.0: no version information available (required by /usr/lib/x86_64-linux-gnu/libcurl.so.4)
/usr/bin/cmake: /home/nao_a/pynaoqi/libssl.so.1.0.0: no version information available (required by /usr/lib/x86_64-linux-gnu/libcurl.so.4)
/usr/bin/cmake: /home/nao_a/pynaoqi/libssl.so.1.0.0: no version information available (required by /usr/lib/x86_64-linux-gnu/libcurl.so.4)
/usr/bin/cmake: /home/nao_a/pynaoqi/libcrypto.so.1.0.0: no version information available (required by /usr/lib/x86_64-linux-gnu/libcurl.so.4)
/usr/bin/cmake: /home/nao_a/pynaoqi/libssl.so.1.0.0: no version information available (required by /usr/lib/x86_64-linux-gnu/libcurl.so.4)
/usr/bin/cmake: /home/nao_a/pynaoqi/libssl.so.1.0.0: no version information available (required by /usr/lib/x86_64-linux-gnu/libcurl.so.4)
/usr/bin/cmake: /home/nao_a/pynaoqi/libssl.so.1.0.0: no version information available (required by /usr/lib/x86_64-linux-gnu/libcurl.so.4)
/usr/bin/cmake: /home/nao_a/pynaoqi/libcrypto.so.1.0.0: no version information available (required by /usr/lib/x86_64-linux-gnu/libcurl.so.4)
/usr/bin/cmake: /home/nao_a/pynaoqi/libssl.so.1.0.0: no version information available (required by /usr/lib/x86_64-linux-gnu/libcurl.so.4)
/usr/bin/cmake: /home/nao_a/pynaoqi/libssl.so.1.0.0: no version information available (required by /usr/lib/x86_64-linux-gnu/libcurl.so.4)
/usr/bin/cmake: /home/nao_a/pynaoqi/libssl.so.1.0.0: no version information available (required by /usr/lib/x86_64-linux-gnu/libcurl.so.4)
/usr/bin/cmake: /home/nao_a/pynaoqi/libcrypto.so.1.0.0: no version information available (required by /usr/lib/x86_64-linux-gnu/libcurl.so.4)
/usr/bin/cmake: /home/nao_a/pynaoqi/libssl.so.1.0.0: no version information available (required by /usr/lib/x86_64-linux-gnu/libcurl.so.4)
/usr/bin/cmake: /home/nao_a/pynaoqi/libssl.so.1.0.0: no version information available (required by /usr/lib/x86_64-linux-gnu/libcurl.so.4)
/usr/bin/cmake: /home/nao_a/pynaoqi/libssl.so.1.0.0: no version information available (required by /usr/lib/x86_64-linux-gnu/libcurl.so.4)
/usr/bin/cmake: /home/nao_a/pynaoqi/libcrypto.so.1.0.0: no version information available (required by /usr/lib/x86_64-linux-gnu/libcurl.so.4)
/usr/bin/cmake: /home/nao_a/pynaoqi/libssl.so.1.0.0: no version information available (required by /usr/lib/x86_64-linux-gnu/libcurl.so.4)
/usr/bin/cmake: /home/nao_a/pynaoqi/libssl.so.1.0.0: no version information available (required by /usr/lib/x86_64-linux-gnu/libcurl.so.4)
/usr/bin/cmake: /home/nao_a/pynaoqi/libssl.so.1.0.0: no version information available (required by /usr/lib/x86_64-linux-gnu/libcurl.so.4)
/usr/bin/cmake: /home/nao_a/pynaoqi/libcrypto.so.1.0.0: no version information available (required by /usr/lib/x86_64-linux-gnu/libcurl.so.4)
/usr/bin/cmake: /home/nao_a/pynaoqi/libssl.so.1.0.0: no version information available (required by /usr/lib/x86_64-linux-gnu/libcurl.so.4)
/usr/bin/cmake: /home/nao_a/pynaoqi/libssl.so.1.0.0: no version information available (required by /usr/lib/x86_64-linux-gnu/libcurl.so.4)
/usr/bin/cmake: /home/nao_a/pynaoqi/libssl.so.1.0.0: no version information available (required by /usr/lib/x86_64-linux-gnu/libcurl.so.4)
/usr/bin/cmake: /home/nao_a/pynaoqi/libcrypto.so.1.0.0: no version information available (required by /usr/lib/x86_64-linux-gnu/libcurl.so.4)
/usr/bin/cmake: /home/nao_a/pynaoqi/libssl.so.1.0.0: no version information available (required by /usr/lib/x86_64-linux-gnu/libcurl.so.4)
/usr/bin/cmake: /home/nao_a/pynaoqi/libssl.so.1.0.0: no version information available (required by /usr/lib/x86_64-linux-gnu/libcurl.so.4)
/usr/bin/cmake: /home/nao_a/pynaoqi/libssl.so.1.0.0: no version information available (required by /usr/lib/x86_64-linux-gnu/libcurl.so.4)
/usr/bin/cmake: /home/nao_a/pynaoqi/libcrypto.so.1.0.0: no version information available (required by /usr/lib/x86_64-linux-gnu/libcurl.so.4)
/usr/bin/cmake: /home/nao_a/pynaoqi/libssl.so.1.0.0: no version information available (required by /usr/lib/x86_64-linux-gnu/libcurl.so.4)
/usr/bin/cmake: /home/nao_a/pynaoqi/libssl.so.1.0.0: no version information available (required by /usr/lib/x86_64-linux-gnu/libcurl.so.4)
/usr/bin/cmake: /home/nao_a/pynaoqi/libssl.so.1.0.0: no version information available (required by /usr/lib/x86_64-linux-gnu/libcurl.so.4)
/usr/bin/cmake: /home/nao_a/pynaoqi/libcrypto.so.1.0.0: no version information available (required by /usr/lib/x86_64-linux-gnu/libcurl.so.4)
/usr/bin/cmake: /home/nao_a/pynaoqi/libssl.so.1.0.0: no version information available (required by /usr/lib/x86_64-linux-gnu/libcurl.so.4)
/usr/bin/cmake: /home/nao_a/pynaoqi/libssl.so.1.0.0: no version information available (required by /usr/lib/x86_64-linux-gnu/libcurl.so.4)
/usr/bin/cmake: /home/nao_a/pynaoqi/libssl.so.1.0.0: no version information available (required by /usr/lib/x86_64-linux-gnu/libcurl.so.4)
/usr/bin/cmake: /home/nao_a/pynaoqi/libcrypto.so.1.0.0: no version information available (required by /usr/lib/x86_64-linux-gnu/libcurl.so.4)
/usr/bin/cmake: /home/nao_a/pynaoqi/libssl.so.1.0.0: no version information available (required by /usr/lib/x86_64-linux-gnu/libcurl.so.4)
/usr/bin/cmake: /home/nao_a/pynaoqi/libssl.so.1.0.0: no version information available (required by /usr/lib/x86_64-linux-gnu/libcurl.so.4)
/usr/bin/cmake: /home/nao_a/pynaoqi/libssl.so.1.0.0: no version information available (required by /usr/lib/x86_64-linux-gnu/libcurl.so.4)
/usr/bin/cmake: /home/nao_a/pynaoqi/libcrypto.so.1.0.0: no version information available (required by /usr/lib/x86_64-linux-gnu/libcurl.so.4)
/usr/bin/cmake: /home/nao_a/pynaoqi/libssl.so.1.0.0: no version information available (required by /usr/lib/x86_64-linux-gnu/libcurl.so.4)
/usr/bin/cmake/usr/bin/cmake: /home/nao_a/pynaoqi/libssl.so.1.0.0: no version information available (required by /usr/lib/x86_64-linux-gnu/libcurl.so.4)
/usr/bin/cmake: /home/nao_a/pynaoqi/libssl.so.1.0.0: no version information available (required by /usr/lib/x86_64-linux-gnu/libcurl.so.4)
/usr/bin/cmake: /home/nao_a/pynaoqi/libssl.so.1.0.0: no version information available (required by /usr/lib/x86_64-linux-gnu/libcurl.so.4)
/usr/bin/cmake: /home/nao_a/pynaoqi/libcrypto.so.1.0.0: no version information available (required by /usr/lib/x86_64-linux-gnu/libcurl.so.4)
: /home/nao_a/pynaoqi/libssl.so.1.0.0: no version information available (required by /usr/lib/x86_64-linux-gnu/libcurl.so.4)
/usr/bin/cmake: /home/nao_a/pynaoqi/libssl.so.1.0.0: no version information available (required by /usr/lib/x86_64-linux-gnu/libcurl.so.4)
/usr/bin/cmake: /home/nao_a/pynaoqi/libcrypto.so.1.0.0: no version information available (required by /usr/lib/x86_64-linux-gnu/libcurl.so.4)
/usr/bin/cmake: /home/nao_a/pynaoqi/libssl.so.1.0.0: no version information available (required by /usr/lib/x86_64-linux-gnu/libcurl.so.4)
/usr/bin/cmake: /home/nao_a/pynaoqi/libssl.so.1.0.0: no version information available (required by /usr/lib/x86_64-linux-gnu/libcurl.so.4)
/usr/bin/cmake: /home/nao_a/pynaoqi/libssl.so.1.0.0: no version information available (required by /usr/lib/x86_64-linux-gnu/libcurl.so.4)
/usr/bin/cmake: /home/nao_a/pynaoqi/libcrypto.so.1.0.0: no version information available (required by /usr/lib/x86_64-linux-gnu/libcurl.so.4)
/usr/bin/cmake: /home/nao_a/pynaoqi/libssl.so.1.0.0: no version information available (required by /usr/lib/x86_64-linux-gnu/libcurl.so.4)
/usr/bin/cmake: /home/nao_a/pynaoqi/libssl.so.1.0.0: no version information available (required by /usr/lib/x86_64-linux-gnu/libcurl.so.4)
/usr/bin/cmake: /home/nao_a/pynaoqi/libssl.so.1.0.0: no version information available (required by /usr/lib/x86_64-linux-gnu/libcurl.so.4)
/usr/bin/cmake: /home/nao_a/pynaoqi/libcrypto.so.1.0.0: no version information available (required by /usr/lib/x86_64-linux-gnu/libcurl.so.4)
/usr/bin/cmake: /home/nao_a/pynaoqi/libssl.so.1.0.0: no version information available (required by /usr/lib/x86_64-linux-gnu/libcurl.so.4)
/usr/bin/cmake: /home/nao_a/pynaoqi/libssl.so.1.0.0: no version information available (required by /usr/lib/x86_64-linux-gnu/libcurl.so.4)
/usr/bin/cmake: /home/nao_a/pynaoqi/libssl.so.1.0.0: no version information available (required by /usr/lib/x86_64-linux-gnu/libcurl.so.4)
/usr/bin/cmake: /home/nao_a/pynaoqi/libcrypto.so.1.0.0: no version information available (required by /usr/lib/x86_64-linux-gnu/libcurl.so.4)
/usr/bin/cmake: /home/nao_a/pynaoqi/libssl.so.1.0.0: no version information available (required by /usr/lib/x86_64-linux-gnu/libcurl.so.4)
/usr/bin/cmake: /home/nao_a/pynaoqi/libssl.so.1.0.0: no version information available (required by /usr/lib/x86_64-linux-gnu/libcurl.so.4)
/usr/bin/cmake: /home/nao_a/pynaoqi/libssl.so.1.0.0: no version information available (required by /usr/lib/x86_64-linux-gnu/libcurl.so.4)
/usr/bin/cmake: /home/nao_a/pynaoqi/libcrypto.so.1.0.0: no version information available (required by /usr/lib/x86_64-linux-gnu/libcurl.so.4)
/usr/bin/cmake: /home/nao_a/pynaoqi/libssl.so.1.0.0: no version information available (required by /usr/lib/x86_64-linux-gnu/libcurl.so.4)
/usr/bin/cmake: /home/nao_a/pynaoqi/libssl.so.1.0.0: no version information available (required by /usr/lib/x86_64-linux-gnu/libcurl.so.4)
/usr/bin/cmake: /home/nao_a/pynaoqi/libssl.so.1.0.0: no version information available (required by /usr/lib/x86_64-linux-gnu/libcurl.so.4)
/usr/bin/cmake: /home/nao_a/pynaoqi/libcrypto.so.1.0.0: no version information available (required by /usr/lib/x86_64-linux-gnu/libcurl.so.4)
/usr/bin/cmake: /home/nao_a/pynaoqi/libssl.so.1.0.0: no version information available (required by /usr/lib/x86_64-linux-gnu/libcurl.so.4)
/usr/bin/cmake: /home/nao_a/pynaoqi/libssl.so.1.0.0: no version information available (required by /usr/lib/x86_64-linux-gnu/libcurl.so.4)
/usr/bin/cmake: /home/nao_a/pynaoqi/libssl.so.1.0.0: no version information available (required by /usr/lib/x86_64-linux-gnu/libcurl.so.4)
/usr/bin/cmake: /home/nao_a/pynaoqi/libcrypto.so.1.0.0: no version information available (required by /usr/lib/x86_64-linux-gnu/libcurl.so.4)
/usr/bin/cmake: /home/nao_a/pynaoqi/libssl.so.1.0.0: no version information available (required by /usr/lib/x86_64-linux-gnu/libcurl.so.4)
/usr/bin/cmake: /home/nao_a/pynaoqi/libssl.so.1.0.0: no version information available (required by /usr/lib/x86_64-linux-gnu/libcurl.so.4)
/usr/bin/cmake: /home/nao_a/pynaoqi/libssl.so.1.0.0: no version information available (required by /usr/lib/x86_64-linux-gnu/libcurl.so.4)
/usr/bin/cmake: /home/nao_a/pynaoqi/libcrypto.so.1.0.0: no version information available (required by /usr/lib/x86_64-linux-gnu/libcurl.so.4)
/usr/bin/cmake: /home/nao_a/pynaoqi/libssl.so.1.0.0: no version information available (required by /usr/lib/x86_64-linux-gnu/libcurl.so.4)
/usr/bin/cmake: /home/nao_a/pynaoqi/libssl.so.1.0.0: no version information available (required by /usr/lib/x86_64-linux-gnu/libcurl.so.4)
/usr/bin/cmake: /home/nao_a/pynaoqi/libssl.so.1.0.0: no version information available (required by /usr/lib/x86_64-linux-gnu/libcurl.so.4)
/usr/bin/cmake: /home/nao_a/pynaoqi/libcrypto.so.1.0.0: no version information available (required by /usr/lib/x86_64-linux-gnu/libcurl.so.4)
/usr/bin/cmake: /home/nao_a/pynaoqi/libssl.so.1.0.0: no version information available (required by /usr/lib/x86_64-linux-gnu/libcurl.so.4)
/usr/bin/cmake: /home/nao_a/pynaoqi/libssl.so.1.0.0: no version information available (required by /usr/lib/x86_64-linux-gnu/libcurl.so.4)
/usr/bin/cmake: /home/nao_a/pynaoqi/libssl.so.1.0.0: no version information available (required by /usr/lib/x86_64-linux-gnu/libcurl.so.4)
/usr/bin/cmake: /home/nao_a/pynaoqi/libcrypto.so.1.0.0: no version information available (required by /usr/lib/x86_64-linux-gnu/libcurl.so.4)
/usr/bin/cmake: /home/nao_a/pynaoqi/libssl.so.1.0.0: no version information available (required by /usr/lib/x86_64-linux-gnu/libcurl.so.4)
/usr/bin/cmake: /home/nao_a/pynaoqi/libssl.so.1.0.0: no version information available (required by /usr/lib/x86_64-linux-gnu/libcurl.so.4)
/usr/bin/cmake: /home/nao_a/pynaoqi/libssl.so.1.0.0: no version information available (required by /usr/lib/x86_64-linux-gnu/libcurl.so.4)
/usr/bin/cmake: /home/nao_a/pynaoqi/libcrypto.so.1.0.0: no version information available (required by /usr/lib/x86_64-linux-gnu/libcurl.so.4)
/usr/bin/cmake: /home/nao_a/pynaoqi/libssl.so.1.0.0: no version information available (required by /usr/lib/x86_64-linux-gnu/libcurl.so.4)
/usr/bin/cmake: /home/nao_a/pynaoqi/libssl.so.1.0.0: no version information available (required by /usr/lib/x86_64-linux-gnu/libcurl.so.4)
/usr/bin/cmake: /home/nao_a/pynaoqi/libssl.so.1.0.0: no version information available (required by /usr/lib/x86_64-linux-gnu/libcurl.so.4)
/usr/bin/cmake: /home/nao_a/pynaoqi/libcrypto.so.1.0.0: no version information available (required by /usr/lib/x86_64-linux-gnu/libcurl.so.4)
/usr/bin/cmake: /home/nao_a/pynaoqi/libssl.so.1.0.0: no version information available (required by /usr/lib/x86_64-linux-gnu/libcurl.so.4)
/usr/bin/cmake: /home/nao_a/pynaoqi/libssl.so.1.0.0: no version information available (required by /usr/lib/x86_64-linux-gnu/libcurl.so.4)
/usr/bin/cmake: /home/nao_a/pynaoqi/libssl.so.1.0.0: no version information available (required by /usr/lib/x86_64-linux-gnu/libcurl.so.4)
/usr/bin/cmake: /home/nao_a/pynaoqi/libcrypto.so.1.0.0: no version information available (required by /usr/lib/x86_64-linux-gnu/libcurl.so.4)
[01m[K/home/nao_a/hrs_ws/src/tutorial_7/src/main.cpp:28:36:[m[K [01;31m[Kfatal error: [m[Ktutorial_7/BlinkAction.h: No such file or directory
compilation terminated.
make[2]: *** [CMakeFiles/nao_3.dir/src/main.cpp.o] Error 1
make[1]: *** [CMakeFiles/nao_3.dir/all] Error 2
make[1]: *** Waiting for unfinished jobs....
/usr/bin/cmake: /home/nao_a/pynaoqi/libssl.so.1.0.0: no version information available (required by /usr/lib/x86_64-linux-gnu/libcurl.so.4)
/usr/bin/cmake: /home/nao_a/pynaoqi/libssl.so.1.0.0: no version information available (required by /usr/lib/x86_64-linux-gnu/libcurl.so.4)
/usr/bin/cmake: /home/nao_a/pynaoqi/libssl.so.1.0.0: no version information available (required by /usr/lib/x86_64-linux-gnu/libcurl.so.4)
/usr/bin/cmake: /home/nao_a/pynaoqi/libcrypto.so.1.0.0: no version information available (required by /usr/lib/x86_64-linux-gnu/libcurl.so.4)
make: *** [all] Error 2
