/usr/bin/cmake: /home/nao_a/pynaoqi/libssl.so.1.0.0: no version information available (required by /usr/lib/x86_64-linux-gnu/libcurl.so.4)
/usr/bin/cmake: /home/nao_a/pynaoqi/libssl.so.1.0.0: no version information available (required by /usr/lib/x86_64-linux-gnu/libcurl.so.4)
/usr/bin/cmake: /home/nao_a/pynaoqi/libssl.so.1.0.0: no version information available (required by /usr/lib/x86_64-linux-gnu/libcurl.so.4)
/usr/bin/cmake: /home/nao_a/pynaoqi/libcrypto.so.1.0.0: no version information available (required by /usr/lib/x86_64-linux-gnu/libcurl.so.4)
[36m--[0m Using CATKIN_DEVEL_PREFIX: /home/nao_a/hrs_ws/devel/.private/nao_control_tutorial_3
[36m--[0m Using CMAKE_PREFIX_PATH: /home/nao_a/hrs_ws/devel;/opt/ros/kinetic
[36m--[0m This workspace overlays: /home/nao_a/hrs_ws/devel;/opt/ros/kinetic
[36m--[0m Found PythonInterp: /usr/bin/python2 (found suitable version "2.7.12", minimum required is "2")
[36m--[0m Using PYTHON_EXECUTABLE: /usr/bin/python2
[36m--[0m Using Debian Python package layout
[36m--[0m Using empy: /usr/bin/empy
[36m--[0m Using CATKIN_ENABLE_TESTING: ON
[36m--[0m Call enable_testing()
[36m--[0m Using CATKIN_TEST_RESULTS_DIR: /home/nao_a/hrs_ws/build/nao_control_tutorial_3/test_results
[36m--[0m Found gtest sources under '/usr/src/gmock': gtests will be built
[36m--[0m Found gmock sources under '/usr/src/gmock': gmock will be built
[36m--[0m Found PythonInterp: /usr/bin/python2 (found version "2.7.12")
[36m--[0m Using Python nosetests: /usr/bin/nosetests-2.7
[36m--[0m catkin 0.7.29
[36m--[0m BUILD_SHARED_LIBS is on
[36m--[0m Using these message generators: gencpp;geneus;genlisp;gennodejs;genpy
[36m--[0m Boost version: 1.58.0
[36m--[0m Found the following Boost libraries:
[36m--[0m   system
[36m--[0m   thread
[36m--[0m   chrono
[36m--[0m   date_time
[36m--[0m   atomic
[36m--[0m Generating .msg files for action nao_control_tutorial_3/Blink /home/nao_a/hrs_ws/src/tutorial_7/action/Blink.action
[36m--[0m nao_control_tutorial_3: 7 messages, 0 services
[36m--[0m Configuring done
[36m--[0m Generating done
[36m--[0m Build files have been written to: /home/nao_a/hrs_ws/build/nao_control_tutorial_3
