Symlinking /home/nao_a/hrs_ws/devel/lib/python2.7/dist-packages/nao_control_tutorial_3/__init__.py
Symlinking /home/nao_a/hrs_ws/devel/lib/python2.7/dist-packages/nao_control_tutorial_3/msg/_BlinkActionFeedback.py
Symlinking /home/nao_a/hrs_ws/devel/lib/python2.7/dist-packages/nao_control_tutorial_3/msg/_BlinkGoal.py
Symlinking /home/nao_a/hrs_ws/devel/lib/python2.7/dist-packages/nao_control_tutorial_3/msg/_BlinkFeedback.py
Symlinking /home/nao_a/hrs_ws/devel/lib/python2.7/dist-packages/nao_control_tutorial_3/msg/_BlinkAction.py
Symlinking /home/nao_a/hrs_ws/devel/lib/python2.7/dist-packages/nao_control_tutorial_3/msg/__init__.py
Symlinking /home/nao_a/hrs_ws/devel/lib/python2.7/dist-packages/nao_control_tutorial_3/msg/_BlinkResult.py
Symlinking /home/nao_a/hrs_ws/devel/lib/python2.7/dist-packages/nao_control_tutorial_3/msg/_BlinkActionGoal.py
Symlinking /home/nao_a/hrs_ws/devel/lib/python2.7/dist-packages/nao_control_tutorial_3/msg/_BlinkActionResult.py
Symlinking /home/nao_a/hrs_ws/devel/lib/pkgconfig/nao_control_tutorial_3.pc
Symlinking /home/nao_a/hrs_ws/devel/lib/nao_control_tutorial_3/nao_3
Symlinking /home/nao_a/hrs_ws/devel/include/nao_control_tutorial_3/BlinkActionResult.h
Symlinking /home/nao_a/hrs_ws/devel/include/nao_control_tutorial_3/BlinkActionFeedback.h
Symlinking /home/nao_a/hrs_ws/devel/include/nao_control_tutorial_3/BlinkFeedback.h
Symlinking /home/nao_a/hrs_ws/devel/include/nao_control_tutorial_3/BlinkActionGoal.h
Symlinking /home/nao_a/hrs_ws/devel/include/nao_control_tutorial_3/BlinkGoal.h
Symlinking /home/nao_a/hrs_ws/devel/include/nao_control_tutorial_3/BlinkAction.h
Symlinking /home/nao_a/hrs_ws/devel/include/nao_control_tutorial_3/BlinkResult.h
Symlinking /home/nao_a/hrs_ws/devel/share/roseus/ros/nao_control_tutorial_3/manifest.l
Symlinking /home/nao_a/hrs_ws/devel/share/roseus/ros/nao_control_tutorial_3/msg/BlinkActionGoal.l
Symlinking /home/nao_a/hrs_ws/devel/share/roseus/ros/nao_control_tutorial_3/msg/BlinkActionFeedback.l
Symlinking /home/nao_a/hrs_ws/devel/share/roseus/ros/nao_control_tutorial_3/msg/BlinkGoal.l
Symlinking /home/nao_a/hrs_ws/devel/share/roseus/ros/nao_control_tutorial_3/msg/BlinkActionResult.l
Symlinking /home/nao_a/hrs_ws/devel/share/roseus/ros/nao_control_tutorial_3/msg/BlinkAction.l
Symlinking /home/nao_a/hrs_ws/devel/share/roseus/ros/nao_control_tutorial_3/msg/BlinkResult.l
Symlinking /home/nao_a/hrs_ws/devel/share/roseus/ros/nao_control_tutorial_3/msg/BlinkFeedback.l
Symlinking /home/nao_a/hrs_ws/devel/share/nao_control_tutorial_3/cmake/nao_control_tutorial_3-msg-paths.cmake
Symlinking /home/nao_a/hrs_ws/devel/share/nao_control_tutorial_3/cmake/nao_control_tutorial_3Config.cmake
Symlinking /home/nao_a/hrs_ws/devel/share/nao_control_tutorial_3/cmake/nao_control_tutorial_3Config-version.cmake
Symlinking /home/nao_a/hrs_ws/devel/share/nao_control_tutorial_3/cmake/nao_control_tutorial_3-msg-extras.cmake
Symlinking /home/nao_a/hrs_ws/devel/share/nao_control_tutorial_3/msg/BlinkActionResult.msg
Symlinking /home/nao_a/hrs_ws/devel/share/nao_control_tutorial_3/msg/BlinkResult.msg
Symlinking /home/nao_a/hrs_ws/devel/share/nao_control_tutorial_3/msg/BlinkActionGoal.msg
Symlinking /home/nao_a/hrs_ws/devel/share/nao_control_tutorial_3/msg/BlinkAction.msg
Symlinking /home/nao_a/hrs_ws/devel/share/nao_control_tutorial_3/msg/BlinkFeedback.msg
Symlinking /home/nao_a/hrs_ws/devel/share/nao_control_tutorial_3/msg/BlinkActionFeedback.msg
Symlinking /home/nao_a/hrs_ws/devel/share/nao_control_tutorial_3/msg/BlinkGoal.msg
Symlinking /home/nao_a/hrs_ws/devel/share/gennodejs/ros/nao_control_tutorial_3/_index.js
Symlinking /home/nao_a/hrs_ws/devel/share/gennodejs/ros/nao_control_tutorial_3/msg/BlinkActionGoal.js
Symlinking /home/nao_a/hrs_ws/devel/share/gennodejs/ros/nao_control_tutorial_3/msg/BlinkGoal.js
Symlinking /home/nao_a/hrs_ws/devel/share/gennodejs/ros/nao_control_tutorial_3/msg/BlinkAction.js
Symlinking /home/nao_a/hrs_ws/devel/share/gennodejs/ros/nao_control_tutorial_3/msg/_index.js
Symlinking /home/nao_a/hrs_ws/devel/share/gennodejs/ros/nao_control_tutorial_3/msg/BlinkResult.js
Symlinking /home/nao_a/hrs_ws/devel/share/gennodejs/ros/nao_control_tutorial_3/msg/BlinkActionResult.js
Symlinking /home/nao_a/hrs_ws/devel/share/gennodejs/ros/nao_control_tutorial_3/msg/BlinkFeedback.js
Symlinking /home/nao_a/hrs_ws/devel/share/gennodejs/ros/nao_control_tutorial_3/msg/BlinkActionFeedback.js
Symlinking /home/nao_a/hrs_ws/devel/share/common-lisp/ros/nao_control_tutorial_3/msg/BlinkActionGoal.lisp
Symlinking /home/nao_a/hrs_ws/devel/share/common-lisp/ros/nao_control_tutorial_3/msg/_package_BlinkActionFeedback.lisp
Symlinking /home/nao_a/hrs_ws/devel/share/common-lisp/ros/nao_control_tutorial_3/msg/nao_control_tutorial_3-msg.asd
Symlinking /home/nao_a/hrs_ws/devel/share/common-lisp/ros/nao_control_tutorial_3/msg/_package_BlinkActionResult.lisp
Symlinking /home/nao_a/hrs_ws/devel/share/common-lisp/ros/nao_control_tutorial_3/msg/BlinkAction.lisp
Symlinking /home/nao_a/hrs_ws/devel/share/common-lisp/ros/nao_control_tutorial_3/msg/_package_BlinkAction.lisp
Symlinking /home/nao_a/hrs_ws/devel/share/common-lisp/ros/nao_control_tutorial_3/msg/_package_BlinkFeedback.lisp
Symlinking /home/nao_a/hrs_ws/devel/share/common-lisp/ros/nao_control_tutorial_3/msg/BlinkFeedback.lisp
Symlinking /home/nao_a/hrs_ws/devel/share/common-lisp/ros/nao_control_tutorial_3/msg/_package.lisp
Symlinking /home/nao_a/hrs_ws/devel/share/common-lisp/ros/nao_control_tutorial_3/msg/_package_BlinkGoal.lisp
Symlinking /home/nao_a/hrs_ws/devel/share/common-lisp/ros/nao_control_tutorial_3/msg/BlinkActionResult.lisp
Symlinking /home/nao_a/hrs_ws/devel/share/common-lisp/ros/nao_control_tutorial_3/msg/BlinkActionFeedback.lisp
Symlinking /home/nao_a/hrs_ws/devel/share/common-lisp/ros/nao_control_tutorial_3/msg/BlinkGoal.lisp
Symlinking /home/nao_a/hrs_ws/devel/share/common-lisp/ros/nao_control_tutorial_3/msg/_package_BlinkActionGoal.lisp
Symlinking /home/nao_a/hrs_ws/devel/share/common-lisp/ros/nao_control_tutorial_3/msg/BlinkResult.lisp
Symlinking /home/nao_a/hrs_ws/devel/share/common-lisp/ros/nao_control_tutorial_3/msg/_package_BlinkResult.lisp
