Determining if the pthread_create exist failed with the following output:
Change Dir: /home/nao_a/hrs_ws/build/tutorial_6/CMakeFiles/CMakeTmp

Run Build Command:"/usr/bin/make" "cmTC_f3a72/fast"
/usr/bin/make -f CMakeFiles/cmTC_f3a72.dir/build.make CMakeFiles/cmTC_f3a72.dir/build
make[1]: Entering directory '/home/nao_a/hrs_ws/build/tutorial_6/CMakeFiles/CMakeTmp'
/usr/bin/cmake: /home/nao_a/pynaoqi/libssl.so.1.0.0: no version information available (required by /usr/lib/x86_64-linux-gnu/libcurl.so.4)
/usr/bin/cmake: /home/nao_a/pynaoqi/libssl.so.1.0.0: no version information available (required by /usr/lib/x86_64-linux-gnu/libcurl.so.4)
/usr/bin/cmake: /home/nao_a/pynaoqi/libssl.so.1.0.0: no version information available (required by /usr/lib/x86_64-linux-gnu/libcurl.so.4)
/usr/bin/cmake: /home/nao_a/pynaoqi/libcrypto.so.1.0.0: no version information available (required by /usr/lib/x86_64-linux-gnu/libcurl.so.4)
Building C object CMakeFiles/cmTC_f3a72.dir/CheckSymbolExists.c.o
/usr/bin/cc     -o CMakeFiles/cmTC_f3a72.dir/CheckSymbolExists.c.o   -c /home/nao_a/hrs_ws/build/tutorial_6/CMakeFiles/CMakeTmp/CheckSymbolExists.c
/usr/bin/cmake: /home/nao_a/pynaoqi/libssl.so.1.0.0: no version information available (required by /usr/lib/x86_64-linux-gnu/libcurl.so.4)
/usr/bin/cmake: /home/nao_a/pynaoqi/libssl.so.1.0.0: no version information available (required by /usr/lib/x86_64-linux-gnu/libcurl.so.4)
/usr/bin/cmake: /home/nao_a/pynaoqi/libssl.so.1.0.0: no version information available (required by /usr/lib/x86_64-linux-gnu/libcurl.so.4)
/usr/bin/cmake: /home/nao_a/pynaoqi/libcrypto.so.1.0.0: no version information available (required by /usr/lib/x86_64-linux-gnu/libcurl.so.4)
Linking C executable cmTC_f3a72
/usr/bin/cmake -E cmake_link_script CMakeFiles/cmTC_f3a72.dir/link.txt --verbose=1
/usr/bin/cmake: /home/nao_a/pynaoqi/libssl.so.1.0.0: no version information available (required by /usr/lib/x86_64-linux-gnu/libcurl.so.4)
/usr/bin/cmake: /home/nao_a/pynaoqi/libssl.so.1.0.0: no version information available (required by /usr/lib/x86_64-linux-gnu/libcurl.so.4)
/usr/bin/cmake: /home/nao_a/pynaoqi/libssl.so.1.0.0: no version information available (required by /usr/lib/x86_64-linux-gnu/libcurl.so.4)
/usr/bin/cmake: /home/nao_a/pynaoqi/libcrypto.so.1.0.0: no version information available (required by /usr/lib/x86_64-linux-gnu/libcurl.so.4)
/usr/bin/cc       CMakeFiles/cmTC_f3a72.dir/CheckSymbolExists.c.o  -o cmTC_f3a72 -rdynamic 
CMakeFiles/cmTC_f3a72.dir/CheckSymbolExists.c.o: In function `main':
CheckSymbolExists.c:(.text+0x16): undefined reference to `pthread_create'
collect2: error: ld returned 1 exit status
CMakeFiles/cmTC_f3a72.dir/build.make:97: recipe for target 'cmTC_f3a72' failed
make[1]: *** [cmTC_f3a72] Error 1
make[1]: Leaving directory '/home/nao_a/hrs_ws/build/tutorial_6/CMakeFiles/CMakeTmp'
Makefile:126: recipe for target 'cmTC_f3a72/fast' failed
make: *** [cmTC_f3a72/fast] Error 2

File /home/nao_a/hrs_ws/build/tutorial_6/CMakeFiles/CMakeTmp/CheckSymbolExists.c:
/* */
#include <pthread.h>

int main(int argc, char** argv)
{
  (void)argv;
#ifndef pthread_create
  return ((int*)(&pthread_create))[argc];
#else
  (void)argc;
  return 0;
#endif
}

Determining if the function pthread_create exists in the pthreads failed with the following output:
Change Dir: /home/nao_a/hrs_ws/build/tutorial_6/CMakeFiles/CMakeTmp

Run Build Command:"/usr/bin/make" "cmTC_1ce9b/fast"
/usr/bin/make -f CMakeFiles/cmTC_1ce9b.dir/build.make CMakeFiles/cmTC_1ce9b.dir/build
make[1]: Entering directory '/home/nao_a/hrs_ws/build/tutorial_6/CMakeFiles/CMakeTmp'
/usr/bin/cmake: /home/nao_a/pynaoqi/libssl.so.1.0.0: no version information available (required by /usr/lib/x86_64-linux-gnu/libcurl.so.4)
/usr/bin/cmake: /home/nao_a/pynaoqi/libssl.so.1.0.0: no version information available (required by /usr/lib/x86_64-linux-gnu/libcurl.so.4)
/usr/bin/cmake: /home/nao_a/pynaoqi/libssl.so.1.0.0: no version information available (required by /usr/lib/x86_64-linux-gnu/libcurl.so.4)
/usr/bin/cmake: /home/nao_a/pynaoqi/libcrypto.so.1.0.0: no version information available (required by /usr/lib/x86_64-linux-gnu/libcurl.so.4)
Building C object CMakeFiles/cmTC_1ce9b.dir/CheckFunctionExists.c.o
/usr/bin/cc    -DCHECK_FUNCTION_EXISTS=pthread_create   -o CMakeFiles/cmTC_1ce9b.dir/CheckFunctionExists.c.o   -c /usr/share/cmake-3.5/Modules/CheckFunctionExists.c
/usr/bin/cmake: /home/nao_a/pynaoqi/libssl.so.1.0.0: no version information available (required by /usr/lib/x86_64-linux-gnu/libcurl.so.4)
/usr/bin/cmake: /home/nao_a/pynaoqi/libssl.so.1.0.0: no version information available (required by /usr/lib/x86_64-linux-gnu/libcurl.so.4)
/usr/bin/cmake: /home/nao_a/pynaoqi/libssl.so.1.0.0: no version information available (required by /usr/lib/x86_64-linux-gnu/libcurl.so.4)
/usr/bin/cmake: /home/nao_a/pynaoqi/libcrypto.so.1.0.0: no version information available (required by /usr/lib/x86_64-linux-gnu/libcurl.so.4)
Linking C executable cmTC_1ce9b
/usr/bin/cmake -E cmake_link_script CMakeFiles/cmTC_1ce9b.dir/link.txt --verbose=1
/usr/bin/cmake: /home/nao_a/pynaoqi/libssl.so.1.0.0: no version information available (required by /usr/lib/x86_64-linux-gnu/libcurl.so.4)
/usr/bin/cmake: /home/nao_a/pynaoqi/libssl.so.1.0.0: no version information available (required by /usr/lib/x86_64-linux-gnu/libcurl.so.4)
/usr/bin/cmake: /home/nao_a/pynaoqi/libssl.so.1.0.0: no version information available (required by /usr/lib/x86_64-linux-gnu/libcurl.so.4)
/usr/bin/cmake: /home/nao_a/pynaoqi/libcrypto.so.1.0.0: no version information available (required by /usr/lib/x86_64-linux-gnu/libcurl.so.4)
/usr/bin/cc   -DCHECK_FUNCTION_EXISTS=pthread_create    CMakeFiles/cmTC_1ce9b.dir/CheckFunctionExists.c.o  -o cmTC_1ce9b -rdynamic -lpthreads 
/usr/bin/ld: cannot find -lpthreads
collect2: error: ld returned 1 exit status
CMakeFiles/cmTC_1ce9b.dir/build.make:97: recipe for target 'cmTC_1ce9b' failed
make[1]: *** [cmTC_1ce9b] Error 1
make[1]: Leaving directory '/home/nao_a/hrs_ws/build/tutorial_6/CMakeFiles/CMakeTmp'
Makefile:126: recipe for target 'cmTC_1ce9b/fast' failed
make: *** [cmTC_1ce9b/fast] Error 2


