Linked: (/home/nao_a/hrs_ws/devel/.private/nao_control_tutorial_2/lib/python2.7/dist-packages/nao_control_tutorial_2/__init__.py, /home/nao_a/hrs_ws/devel/lib/python2.7/dist-packages/nao_control_tutorial_2/__init__.py)
Linked: (/home/nao_a/hrs_ws/devel/.private/nao_control_tutorial_2/lib/python2.7/dist-packages/nao_control_tutorial_2/srv/_MoveInterpol.py, /home/nao_a/hrs_ws/devel/lib/python2.7/dist-packages/nao_control_tutorial_2/srv/_MoveInterpol.py)
Linked: (/home/nao_a/hrs_ws/devel/.private/nao_control_tutorial_2/lib/python2.7/dist-packages/nao_control_tutorial_2/srv/_MoveJoints.py, /home/nao_a/hrs_ws/devel/lib/python2.7/dist-packages/nao_control_tutorial_2/srv/_MoveJoints.py)
Linked: (/home/nao_a/hrs_ws/devel/.private/nao_control_tutorial_2/lib/python2.7/dist-packages/nao_control_tutorial_2/srv/__init__.py, /home/nao_a/hrs_ws/devel/lib/python2.7/dist-packages/nao_control_tutorial_2/srv/__init__.py)
Linked: (/home/nao_a/hrs_ws/devel/.private/nao_control_tutorial_2/lib/pkgconfig/nao_control_tutorial_2.pc, /home/nao_a/hrs_ws/devel/lib/pkgconfig/nao_control_tutorial_2.pc)
Linked: (/home/nao_a/hrs_ws/devel/.private/nao_control_tutorial_2/lib/nao_control_tutorial_2/aruco_tracker, /home/nao_a/hrs_ws/devel/lib/nao_control_tutorial_2/aruco_tracker)
Linked: (/home/nao_a/hrs_ws/devel/.private/nao_control_tutorial_2/include/nao_control_tutorial_2/MoveJointsResponse.h, /home/nao_a/hrs_ws/devel/include/nao_control_tutorial_2/MoveJointsResponse.h)
Linked: (/home/nao_a/hrs_ws/devel/.private/nao_control_tutorial_2/include/nao_control_tutorial_2/MoveJointsRequest.h, /home/nao_a/hrs_ws/devel/include/nao_control_tutorial_2/MoveJointsRequest.h)
Linked: (/home/nao_a/hrs_ws/devel/.private/nao_control_tutorial_2/include/nao_control_tutorial_2/MoveInterpolRequest.h, /home/nao_a/hrs_ws/devel/include/nao_control_tutorial_2/MoveInterpolRequest.h)
Linked: (/home/nao_a/hrs_ws/devel/.private/nao_control_tutorial_2/include/nao_control_tutorial_2/MoveJoints.h, /home/nao_a/hrs_ws/devel/include/nao_control_tutorial_2/MoveJoints.h)
Linked: (/home/nao_a/hrs_ws/devel/.private/nao_control_tutorial_2/include/nao_control_tutorial_2/MoveInterpolResponse.h, /home/nao_a/hrs_ws/devel/include/nao_control_tutorial_2/MoveInterpolResponse.h)
Linked: (/home/nao_a/hrs_ws/devel/.private/nao_control_tutorial_2/include/nao_control_tutorial_2/MoveInterpol.h, /home/nao_a/hrs_ws/devel/include/nao_control_tutorial_2/MoveInterpol.h)
Linked: (/home/nao_a/hrs_ws/devel/.private/nao_control_tutorial_2/share/roseus/ros/nao_control_tutorial_2/manifest.l, /home/nao_a/hrs_ws/devel/share/roseus/ros/nao_control_tutorial_2/manifest.l)
Linked: (/home/nao_a/hrs_ws/devel/.private/nao_control_tutorial_2/share/roseus/ros/nao_control_tutorial_2/srv/MoveInterpol.l, /home/nao_a/hrs_ws/devel/share/roseus/ros/nao_control_tutorial_2/srv/MoveInterpol.l)
Linked: (/home/nao_a/hrs_ws/devel/.private/nao_control_tutorial_2/share/roseus/ros/nao_control_tutorial_2/srv/MoveJoints.l, /home/nao_a/hrs_ws/devel/share/roseus/ros/nao_control_tutorial_2/srv/MoveJoints.l)
Linked: (/home/nao_a/hrs_ws/devel/.private/nao_control_tutorial_2/share/gennodejs/ros/nao_control_tutorial_2/_index.js, /home/nao_a/hrs_ws/devel/share/gennodejs/ros/nao_control_tutorial_2/_index.js)
Linked: (/home/nao_a/hrs_ws/devel/.private/nao_control_tutorial_2/share/gennodejs/ros/nao_control_tutorial_2/srv/_index.js, /home/nao_a/hrs_ws/devel/share/gennodejs/ros/nao_control_tutorial_2/srv/_index.js)
Linked: (/home/nao_a/hrs_ws/devel/.private/nao_control_tutorial_2/share/gennodejs/ros/nao_control_tutorial_2/srv/MoveInterpol.js, /home/nao_a/hrs_ws/devel/share/gennodejs/ros/nao_control_tutorial_2/srv/MoveInterpol.js)
Linked: (/home/nao_a/hrs_ws/devel/.private/nao_control_tutorial_2/share/gennodejs/ros/nao_control_tutorial_2/srv/MoveJoints.js, /home/nao_a/hrs_ws/devel/share/gennodejs/ros/nao_control_tutorial_2/srv/MoveJoints.js)
Linked: (/home/nao_a/hrs_ws/devel/.private/nao_control_tutorial_2/share/nao_control_tutorial_2/cmake/nao_control_tutorial_2Config-version.cmake, /home/nao_a/hrs_ws/devel/share/nao_control_tutorial_2/cmake/nao_control_tutorial_2Config-version.cmake)
Linked: (/home/nao_a/hrs_ws/devel/.private/nao_control_tutorial_2/share/nao_control_tutorial_2/cmake/nao_control_tutorial_2-msg-paths.cmake, /home/nao_a/hrs_ws/devel/share/nao_control_tutorial_2/cmake/nao_control_tutorial_2-msg-paths.cmake)
Linked: (/home/nao_a/hrs_ws/devel/.private/nao_control_tutorial_2/share/nao_control_tutorial_2/cmake/nao_control_tutorial_2-msg-extras.cmake, /home/nao_a/hrs_ws/devel/share/nao_control_tutorial_2/cmake/nao_control_tutorial_2-msg-extras.cmake)
Linked: (/home/nao_a/hrs_ws/devel/.private/nao_control_tutorial_2/share/nao_control_tutorial_2/cmake/nao_control_tutorial_2Config.cmake, /home/nao_a/hrs_ws/devel/share/nao_control_tutorial_2/cmake/nao_control_tutorial_2Config.cmake)
Linked: (/home/nao_a/hrs_ws/devel/.private/nao_control_tutorial_2/share/common-lisp/ros/nao_control_tutorial_2/srv/MoveInterpol.lisp, /home/nao_a/hrs_ws/devel/share/common-lisp/ros/nao_control_tutorial_2/srv/MoveInterpol.lisp)
Linked: (/home/nao_a/hrs_ws/devel/.private/nao_control_tutorial_2/share/common-lisp/ros/nao_control_tutorial_2/srv/_package_MoveInterpol.lisp, /home/nao_a/hrs_ws/devel/share/common-lisp/ros/nao_control_tutorial_2/srv/_package_MoveInterpol.lisp)
Linked: (/home/nao_a/hrs_ws/devel/.private/nao_control_tutorial_2/share/common-lisp/ros/nao_control_tutorial_2/srv/_package.lisp, /home/nao_a/hrs_ws/devel/share/common-lisp/ros/nao_control_tutorial_2/srv/_package.lisp)
Linked: (/home/nao_a/hrs_ws/devel/.private/nao_control_tutorial_2/share/common-lisp/ros/nao_control_tutorial_2/srv/_package_MoveJoints.lisp, /home/nao_a/hrs_ws/devel/share/common-lisp/ros/nao_control_tutorial_2/srv/_package_MoveJoints.lisp)
Linked: (/home/nao_a/hrs_ws/devel/.private/nao_control_tutorial_2/share/common-lisp/ros/nao_control_tutorial_2/srv/nao_control_tutorial_2-srv.asd, /home/nao_a/hrs_ws/devel/share/common-lisp/ros/nao_control_tutorial_2/srv/nao_control_tutorial_2-srv.asd)
Linked: (/home/nao_a/hrs_ws/devel/.private/nao_control_tutorial_2/share/common-lisp/ros/nao_control_tutorial_2/srv/MoveJoints.lisp, /home/nao_a/hrs_ws/devel/share/common-lisp/ros/nao_control_tutorial_2/srv/MoveJoints.lisp)
